{"total": {"lines":{"total":446,"covered":140,"skipped":0,"pct":31.39},"statements":{"total":450,"covered":141,"skipped":0,"pct":31.33},"functions":{"total":176,"covered":41,"skipped":0,"pct":23.3},"branches":{"total":142,"covered":34,"skipped":0,"pct":23.94}}
,"C:\\Sahil\\NC_State\\Fall_21\\SE\\pull 4-12-shamko\\FE\\CSC510_Group25_Project1\\src\\index.js": {"lines":{"total":2,"covered":0,"skipped":0,"pct":0},"functions":{"total":0,"covered":0,"skipped":0,"pct":100},"statements":{"total":2,"covered":0,"skipped":0,"pct":0},"branches":{"total":0,"covered":0,"skipped":0,"pct":100}}
,"C:\\Sahil\\NC_State\\Fall_21\\SE\\pull 4-12-shamko\\FE\\CSC510_Group25_Project1\\src\\actions\\actionTypes.js": {"lines":{"total":29,"covered":29,"skipped":0,"pct":100},"functions":{"total":0,"covered":0,"skipped":0,"pct":100},"statements":{"total":29,"covered":29,"skipped":0,"pct":100},"branches":{"total":0,"covered":0,"skipped":0,"pct":100}}
,"C:\\Sahil\\NC_State\\Fall_21\\SE\\pull 4-12-shamko\\FE\\CSC510_Group25_Project1\\src\\actions\\auth.js": {"lines":{"total":53,"covered":0,"skipped":0,"pct":0},"functions":{"total":28,"covered":0,"skipped":0,"pct":0},"statements":{"total":53,"covered":0,"skipped":0,"pct":0},"branches":{"total":12,"covered":0,"skipped":0,"pct":0}}
,"C:\\Sahil\\NC_State\\Fall_21\\SE\\pull 4-12-shamko\\FE\\CSC510_Group25_Project1\\src\\actions\\job.js": {"lines":{"total":34,"covered":6,"skipped":0,"pct":17.65},"functions":{"total":20,"covered":4,"skipped":0,"pct":20},"statements":{"total":34,"covered":6,"skipped":0,"pct":17.65},"branches":{"total":4,"covered":0,"skipped":0,"pct":0}}
,"C:\\Sahil\\NC_State\\Fall_21\\SE\\pull 4-12-shamko\\FE\\CSC510_Group25_Project1\\src\\actions\\search.js": {"lines":{"total":14,"covered":0,"skipped":0,"pct":0},"functions":{"total":7,"covered":0,"skipped":0,"pct":0},"statements":{"total":14,"covered":0,"skipped":0,"pct":0},"branches":{"total":4,"covered":0,"skipped":0,"pct":0}}
,"C:\\Sahil\\NC_State\\Fall_21\\SE\\pull 4-12-shamko\\FE\\CSC510_Group25_Project1\\src\\components\\App.js": {"lines":{"total":18,"covered":12,"skipped":0,"pct":66.67},"functions":{"total":6,"covered":4,"skipped":0,"pct":66.67},"statements":{"total":18,"covered":12,"skipped":0,"pct":66.67},"branches":{"total":4,"covered":1,"skipped":0,"pct":25}}
,"C:\\Sahil\\NC_State\\Fall_21\\SE\\pull 4-12-shamko\\FE\\CSC510_Group25_Project1\\src\\components\\Application.js": {"lines":{"total":0,"covered":0,"skipped":0,"pct":100},"functions":{"total":0,"covered":0,"skipped":0,"pct":100},"statements":{"total":0,"covered":0,"skipped":0,"pct":100},"branches":{"total":0,"covered":0,"skipped":0,"pct":100}}
,"C:\\Sahil\\NC_State\\Fall_21\\SE\\pull 4-12-shamko\\FE\\CSC510_Group25_Project1\\src\\components\\Goal.js": {"lines":{"total":31,"covered":12,"skipped":0,"pct":38.71},"functions":{"total":15,"covered":4,"skipped":0,"pct":26.67},"statements":{"total":31,"covered":12,"skipped":0,"pct":38.71},"branches":{"total":4,"covered":2,"skipped":0,"pct":50}}
,"C:\\Sahil\\NC_State\\Fall_21\\SE\\pull 4-12-shamko\\FE\\CSC510_Group25_Project1\\src\\components\\History.js": {"lines":{"total":15,"covered":15,"skipped":0,"pct":100},"functions":{"total":7,"covered":4,"skipped":0,"pct":57.14},"statements":{"total":18,"covered":15,"skipped":0,"pct":83.33},"branches":{"total":6,"covered":0,"skipped":0,"pct":0}}
,"C:\\Sahil\\NC_State\\Fall_21\\SE\\pull 4-12-shamko\\FE\\CSC510_Group25_Project1\\src\\components\\Home.js": {"lines":{"total":6,"covered":6,"skipped":0,"pct":100},"functions":{"total":2,"covered":2,"skipped":0,"pct":100},"statements":{"total":6,"covered":6,"skipped":0,"pct":100},"branches":{"total":0,"covered":0,"skipped":0,"pct":100}}
,"C:\\Sahil\\NC_State\\Fall_21\\SE\\pull 4-12-shamko\\FE\\CSC510_Group25_Project1\\src\\components\\Job.js": {"lines":{"total":5,"covered":5,"skipped":0,"pct":100},"functions":{"total":2,"covered":2,"skipped":0,"pct":100},"statements":{"total":5,"covered":5,"skipped":0,"pct":100},"branches":{"total":2,"covered":1,"skipped":0,"pct":50}}
,"C:\\Sahil\\NC_State\\Fall_21\\SE\\pull 4-12-shamko\\FE\\CSC510_Group25_Project1\\src\\components\\Job1.js": {"lines":{"total":7,"covered":0,"skipped":0,"pct":0},"functions":{"total":2,"covered":0,"skipped":0,"pct":0},"statements":{"total":7,"covered":0,"skipped":0,"pct":0},"branches":{"total":2,"covered":0,"skipped":0,"pct":0}}
,"C:\\Sahil\\NC_State\\Fall_21\\SE\\pull 4-12-shamko\\FE\\CSC510_Group25_Project1\\src\\components\\Login.js": {"lines":{"total":23,"covered":11,"skipped":0,"pct":47.83},"functions":{"total":8,"covered":3,"skipped":0,"pct":37.5},"statements":{"total":23,"covered":11,"skipped":0,"pct":47.83},"branches":{"total":12,"covered":4,"skipped":0,"pct":33.33}}
,"C:\\Sahil\\NC_State\\Fall_21\\SE\\pull 4-12-shamko\\FE\\CSC510_Group25_Project1\\src\\components\\Menu.js": {"lines":{"total":31,"covered":0,"skipped":0,"pct":0},"functions":{"total":13,"covered":0,"skipped":0,"pct":0},"statements":{"total":31,"covered":0,"skipped":0,"pct":0},"branches":{"total":2,"covered":0,"skipped":0,"pct":0}}
,"C:\\Sahil\\NC_State\\Fall_21\\SE\\pull 4-12-shamko\\FE\\CSC510_Group25_Project1\\src\\components\\Navbar.js": {"lines":{"total":10,"covered":6,"skipped":0,"pct":60},"functions":{"total":4,"covered":2,"skipped":0,"pct":50},"statements":{"total":10,"covered":6,"skipped":0,"pct":60},"branches":{"total":10,"covered":7,"skipped":0,"pct":70}}
,"C:\\Sahil\\NC_State\\Fall_21\\SE\\pull 4-12-shamko\\FE\\CSC510_Group25_Project1\\src\\components\\Notification.js": {"lines":{"total":35,"covered":1,"skipped":0,"pct":2.86},"functions":{"total":10,"covered":0,"skipped":0,"pct":0},"statements":{"total":35,"covered":1,"skipped":0,"pct":2.86},"branches":{"total":15,"covered":0,"skipped":0,"pct":0}}
,"C:\\Sahil\\NC_State\\Fall_21\\SE\\pull 4-12-shamko\\FE\\CSC510_Group25_Project1\\src\\components\\Page404.js": {"lines":{"total":1,"covered":1,"skipped":0,"pct":100},"functions":{"total":1,"covered":1,"skipped":0,"pct":100},"statements":{"total":1,"covered":1,"skipped":0,"pct":100},"branches":{"total":0,"covered":0,"skipped":0,"pct":100}}
,"C:\\Sahil\\NC_State\\Fall_21\\SE\\pull 4-12-shamko\\FE\\CSC510_Group25_Project1\\src\\components\\Settings.js": {"lines":{"total":18,"covered":8,"skipped":0,"pct":44.44},"functions":{"total":11,"covered":3,"skipped":0,"pct":27.27},"statements":{"total":18,"covered":8,"skipped":0,"pct":44.44},"branches":{"total":14,"covered":7,"skipped":0,"pct":50}}
,"C:\\Sahil\\NC_State\\Fall_21\\SE\\pull 4-12-shamko\\FE\\CSC510_Group25_Project1\\src\\components\\Signup.js": {"lines":{"total":25,"covered":9,"skipped":0,"pct":36},"functions":{"total":12,"covered":3,"skipped":0,"pct":25},"statements":{"total":26,"covered":10,"skipped":0,"pct":38.46},"branches":{"total":11,"covered":2,"skipped":0,"pct":18.18}}
,"C:\\Sahil\\NC_State\\Fall_21\\SE\\pull 4-12-shamko\\FE\\CSC510_Group25_Project1\\src\\components\\Update.js": {"lines":{"total":25,"covered":0,"skipped":0,"pct":0},"functions":{"total":9,"covered":0,"skipped":0,"pct":0},"statements":{"total":25,"covered":0,"skipped":0,"pct":0},"branches":{"total":0,"covered":0,"skipped":0,"pct":100}}
,"C:\\Sahil\\NC_State\\Fall_21\\SE\\pull 4-12-shamko\\FE\\CSC510_Group25_Project1\\src\\components\\UserApplication.js": {"lines":{"total":0,"covered":0,"skipped":0,"pct":100},"functions":{"total":0,"covered":0,"skipped":0,"pct":100},"statements":{"total":0,"covered":0,"skipped":0,"pct":100},"branches":{"total":0,"covered":0,"skipped":0,"pct":100}}
,"C:\\Sahil\\NC_State\\Fall_21\\SE\\pull 4-12-shamko\\FE\\CSC510_Group25_Project1\\src\\components\\Widgets.js": {"lines":{"total":0,"covered":0,"skipped":0,"pct":100},"functions":{"total":0,"covered":0,"skipped":0,"pct":100},"statements":{"total":0,"covered":0,"skipped":0,"pct":100},"branches":{"total":0,"covered":0,"skipped":0,"pct":100}}
,"C:\\Sahil\\NC_State\\Fall_21\\SE\\pull 4-12-shamko\\FE\\CSC510_Group25_Project1\\src\\components\\index.js": {"lines":{"total":0,"covered":0,"skipped":0,"pct":100},"functions":{"total":0,"covered":0,"skipped":0,"pct":100},"statements":{"total":0,"covered":0,"skipped":0,"pct":100},"branches":{"total":0,"covered":0,"skipped":0,"pct":100}}
,"C:\\Sahil\\NC_State\\Fall_21\\SE\\pull 4-12-shamko\\FE\\CSC510_Group25_Project1\\src\\helpers\\urls.js": {"lines":{"total":10,"covered":4,"skipped":0,"pct":40},"functions":{"total":8,"covered":2,"skipped":0,"pct":25},"statements":{"total":10,"covered":4,"skipped":0,"pct":40},"branches":{"total":0,"covered":0,"skipped":0,"pct":100}}
,"C:\\Sahil\\NC_State\\Fall_21\\SE\\pull 4-12-shamko\\FE\\CSC510_Group25_Project1\\src\\helpers\\utils.js": {"lines":{"total":7,"covered":1,"skipped":0,"pct":14.29},"functions":{"total":2,"covered":1,"skipped":0,"pct":50},"statements":{"total":7,"covered":1,"skipped":0,"pct":14.29},"branches":{"total":0,"covered":0,"skipped":0,"pct":100}}
,"C:\\Sahil\\NC_State\\Fall_21\\SE\\pull 4-12-shamko\\FE\\CSC510_Group25_Project1\\src\\reducers\\application.js": {"lines":{"total":14,"covered":2,"skipped":0,"pct":14.29},"functions":{"total":3,"covered":1,"skipped":0,"pct":33.33},"statements":{"total":14,"covered":2,"skipped":0,"pct":14.29},"branches":{"total":10,"covered":2,"skipped":0,"pct":20}}
,"C:\\Sahil\\NC_State\\Fall_21\\SE\\pull 4-12-shamko\\FE\\CSC510_Group25_Project1\\src\\reducers\\auth.js": {"lines":{"total":11,"covered":3,"skipped":0,"pct":27.27},"functions":{"total":1,"covered":1,"skipped":0,"pct":100},"statements":{"total":11,"covered":3,"skipped":0,"pct":27.27},"branches":{"total":13,"covered":2,"skipped":0,"pct":15.38}}
,"C:\\Sahil\\NC_State\\Fall_21\\SE\\pull 4-12-shamko\\FE\\CSC510_Group25_Project1\\src\\reducers\\index.js": {"lines":{"total":0,"covered":0,"skipped":0,"pct":100},"functions":{"total":0,"covered":0,"skipped":0,"pct":100},"statements":{"total":0,"covered":0,"skipped":0,"pct":100},"branches":{"total":0,"covered":0,"skipped":0,"pct":100}}
,"C:\\Sahil\\NC_State\\Fall_21\\SE\\pull 4-12-shamko\\FE\\CSC510_Group25_Project1\\src\\reducers\\job.js": {"lines":{"total":10,"covered":2,"skipped":0,"pct":20},"functions":{"total":2,"covered":1,"skipped":0,"pct":50},"statements":{"total":10,"covered":2,"skipped":0,"pct":20},"branches":{"total":8,"covered":2,"skipped":0,"pct":25}}
,"C:\\Sahil\\NC_State\\Fall_21\\SE\\pull 4-12-shamko\\FE\\CSC510_Group25_Project1\\src\\reducers\\menu.js": {"lines":{"total":5,"covered":2,"skipped":0,"pct":40},"functions":{"total":1,"covered":1,"skipped":0,"pct":100},"statements":{"total":5,"covered":2,"skipped":0,"pct":40},"branches":{"total":5,"covered":2,"skipped":0,"pct":40}}
,"C:\\Sahil\\NC_State\\Fall_21\\SE\\pull 4-12-shamko\\FE\\CSC510_Group25_Project1\\src\\reducers\\search.js": {"lines":{"total":5,"covered":3,"skipped":0,"pct":60},"functions":{"total":1,"covered":1,"skipped":0,"pct":100},"statements":{"total":5,"covered":3,"skipped":0,"pct":60},"branches":{"total":4,"covered":2,"skipped":0,"pct":50}}
,"C:\\Sahil\\NC_State\\Fall_21\\SE\\pull 4-12-shamko\\FE\\CSC510_Group25_Project1\\src\\store\\index.js": {"lines":{"total":2,"covered":2,"skipped":0,"pct":100},"functions":{"total":1,"covered":1,"skipped":0,"pct":100},"statements":{"total":2,"covered":2,"skipped":0,"pct":100},"branches":{"total":0,"covered":0,"skipped":0,"pct":100}}
}
