{"C:\\Sahil\\NC_State\\Fall_21\\SE\\pull 4-12-shamko\\FE\\CSC510_Group25_Project1\\src\\index.js": {"path":"C:\\Sahil\\NC_State\\Fall_21\\SE\\pull 4-12-shamko\\FE\\CSC510_Group25_Project1\\src\\index.js","statementMap":{"0":{"start":{"line":8,"column":14},"end":{"line":8,"column":30}},"1":{"start":{"line":10,"column":0},"end":{"line":17,"column":2}}},"fnMap":{},"branchMap":{},"s":{"0":0,"1":0},"f":{},"b":{},"hash":"1f8d5c69dd1b834148ad5424c5bdc2b771e54226"}
,"C:\\Sahil\\NC_State\\Fall_21\\SE\\pull 4-12-shamko\\FE\\CSC510_Group25_Project1\\src\\actions\\actionTypes.js": {"path":"C:\\Sahil\\NC_State\\Fall_21\\SE\\pull 4-12-shamko\\FE\\CSC510_Group25_Project1\\src\\actions\\actionTypes.js","statementMap":{"0":{"start":{"line":4,"column":27},"end":{"line":4,"column":40}},"1":{"start":{"line":5,"column":29},"end":{"line":5,"column":44}},"2":{"start":{"line":6,"column":28},"end":{"line":6,"column":42}},"3":{"start":{"line":9,"column":28},"end":{"line":9,"column":42}},"4":{"start":{"line":10,"column":30},"end":{"line":10,"column":46}},"5":{"start":{"line":11,"column":29},"end":{"line":11,"column":44}},"6":{"start":{"line":15,"column":33},"end":{"line":15,"column":52}},"7":{"start":{"line":16,"column":23},"end":{"line":16,"column":32}},"8":{"start":{"line":18,"column":32},"end":{"line":18,"column":50}},"9":{"start":{"line":20,"column":23},"end":{"line":20,"column":32}},"10":{"start":{"line":21,"column":26},"end":{"line":21,"column":38}},"11":{"start":{"line":22,"column":25},"end":{"line":22,"column":36}},"12":{"start":{"line":24,"column":24},"end":{"line":24,"column":34}},"13":{"start":{"line":25,"column":27},"end":{"line":25,"column":40}},"14":{"start":{"line":26,"column":26},"end":{"line":26,"column":38}},"15":{"start":{"line":28,"column":31},"end":{"line":28,"column":48}},"16":{"start":{"line":29,"column":34},"end":{"line":29,"column":54}},"17":{"start":{"line":30,"column":34},"end":{"line":30,"column":54}},"18":{"start":{"line":31,"column":34},"end":{"line":31,"column":54}},"19":{"start":{"line":35,"column":37},"end":{"line":35,"column":60}},"20":{"start":{"line":36,"column":32},"end":{"line":36,"column":50}},"21":{"start":{"line":38,"column":37},"end":{"line":38,"column":59}},"22":{"start":{"line":40,"column":36},"end":{"line":40,"column":58}},"23":{"start":{"line":41,"column":36},"end":{"line":41,"column":58}},"24":{"start":{"line":43,"column":34},"end":{"line":43,"column":54}},"25":{"start":{"line":45,"column":40},"end":{"line":45,"column":66}},"26":{"start":{"line":46,"column":35},"end":{"line":46,"column":56}},"27":{"start":{"line":49,"column":44},"end":{"line":49,"column":74}},"28":{"start":{"line":51,"column":34},"end":{"line":51,"column":54}}},"fnMap":{},"branchMap":{},"s":{"0":11,"1":11,"2":11,"3":11,"4":11,"5":11,"6":11,"7":11,"8":11,"9":11,"10":11,"11":11,"12":11,"13":11,"14":11,"15":11,"16":11,"17":11,"18":11,"19":11,"20":11,"21":11,"22":11,"23":11,"24":11,"25":11,"26":11,"27":11,"28":11},"f":{},"b":{},"_coverageSchema":"43e27e138ebf9cfc5966b082cf9a028302ed4184","hash":"924a08d5a9d3c66d96fa9d895c1e518823d605a8"}
,"C:\\Sahil\\NC_State\\Fall_21\\SE\\pull 4-12-shamko\\FE\\CSC510_Group25_Project1\\src\\actions\\auth.js": {"path":"C:\\Sahil\\NC_State\\Fall_21\\SE\\pull 4-12-shamko\\FE\\CSC510_Group25_Project1\\src\\actions\\auth.js","statementMap":{"0":{"start":{"line":21,"column":2},"end":{"line":23,"column":4}},"1":{"start":{"line":27,"column":2},"end":{"line":30,"column":4}},"2":{"start":{"line":34,"column":2},"end":{"line":37,"column":4}},"3":{"start":{"line":41,"column":2},"end":{"line":65,"column":4}},"4":{"start":{"line":42,"column":4},"end":{"line":42,"column":27}},"5":{"start":{"line":43,"column":16},"end":{"line":43,"column":31}},"6":{"start":{"line":45,"column":4},"end":{"line":64,"column":9}},"7":{"start":{"line":52,"column":26},"end":{"line":52,"column":41}},"8":{"start":{"line":54,"column":8},"end":{"line":54,"column":34}},"9":{"start":{"line":56,"column":8},"end":{"line":62,"column":9}},"10":{"start":{"line":58,"column":10},"end":{"line":58,"column":57}},"11":{"start":{"line":59,"column":10},"end":{"line":59,"column":49}},"12":{"start":{"line":61,"column":10},"end":{"line":61,"column":17}},"13":{"start":{"line":63,"column":8},"end":{"line":63,"column":44}},"14":{"start":{"line":69,"column":2},"end":{"line":95,"column":4}},"15":{"start":{"line":70,"column":16},"end":{"line":70,"column":32}},"16":{"start":{"line":71,"column":4},"end":{"line":94,"column":9}},"17":{"start":{"line":84,"column":26},"end":{"line":84,"column":41}},"18":{"start":{"line":87,"column":8},"end":{"line":92,"column":9}},"19":{"start":{"line":89,"column":10},"end":{"line":89,"column":57}},"20":{"start":{"line":90,"column":10},"end":{"line":90,"column":53}},"21":{"start":{"line":91,"column":10},"end":{"line":91,"column":17}},"22":{"start":{"line":93,"column":8},"end":{"line":93,"column":45}},"23":{"start":{"line":99,"column":2},"end":{"line":101,"column":4}},"24":{"start":{"line":105,"column":2},"end":{"line":108,"column":4}},"25":{"start":{"line":112,"column":2},"end":{"line":115,"column":4}},"26":{"start":{"line":118,"column":2},"end":{"line":121,"column":4}},"27":{"start":{"line":125,"column":2},"end":{"line":127,"column":4}},"28":{"start":{"line":131,"column":2},"end":{"line":133,"column":4}},"29":{"start":{"line":137,"column":2},"end":{"line":140,"column":4}},"30":{"start":{"line":144,"column":2},"end":{"line":147,"column":4}},"31":{"start":{"line":158,"column":2},"end":{"line":189,"column":4}},"32":{"start":{"line":159,"column":16},"end":{"line":159,"column":37}},"33":{"start":{"line":161,"column":4},"end":{"line":188,"column":9}},"34":{"start":{"line":175,"column":26},"end":{"line":175,"column":41}},"35":{"start":{"line":177,"column":8},"end":{"line":177,"column":47}},"36":{"start":{"line":178,"column":8},"end":{"line":185,"column":9}},"37":{"start":{"line":179,"column":10},"end":{"line":179,"column":55}},"38":{"start":{"line":181,"column":10},"end":{"line":183,"column":11}},"39":{"start":{"line":182,"column":12},"end":{"line":182,"column":59}},"40":{"start":{"line":184,"column":10},"end":{"line":184,"column":17}},"41":{"start":{"line":187,"column":8},"end":{"line":187,"column":47}},"42":{"start":{"line":200,"column":2},"end":{"line":229,"column":4}},"43":{"start":{"line":201,"column":16},"end":{"line":201,"column":34}},"44":{"start":{"line":203,"column":4},"end":{"line":228,"column":9}},"45":{"start":{"line":215,"column":26},"end":{"line":215,"column":41}},"46":{"start":{"line":217,"column":8},"end":{"line":217,"column":47}},"47":{"start":{"line":218,"column":8},"end":{"line":225,"column":9}},"48":{"start":{"line":219,"column":10},"end":{"line":219,"column":62}},"49":{"start":{"line":221,"column":10},"end":{"line":223,"column":11}},"50":{"start":{"line":222,"column":12},"end":{"line":222,"column":59}},"51":{"start":{"line":224,"column":10},"end":{"line":224,"column":17}},"52":{"start":{"line":234,"column":2},"end":{"line":237,"column":4}}},"fnMap":{"0":{"name":"startLogin","decl":{"start":{"line":20,"column":16},"end":{"line":20,"column":26}},"loc":{"start":{"line":20,"column":29},"end":{"line":24,"column":1}},"line":20},"1":{"name":"loginFailed","decl":{"start":{"line":26,"column":16},"end":{"line":26,"column":27}},"loc":{"start":{"line":26,"column":42},"end":{"line":31,"column":1}},"line":26},"2":{"name":"loginSuccess","decl":{"start":{"line":33,"column":16},"end":{"line":33,"column":28}},"loc":{"start":{"line":33,"column":35},"end":{"line":38,"column":1}},"line":33},"3":{"name":"login","decl":{"start":{"line":40,"column":16},"end":{"line":40,"column":21}},"loc":{"start":{"line":40,"column":39},"end":{"line":66,"column":1}},"line":40},"4":{"name":"(anonymous_4)","decl":{"start":{"line":41,"column":9},"end":{"line":41,"column":10}},"loc":{"start":{"line":41,"column":23},"end":{"line":65,"column":3}},"line":41},"5":{"name":"(anonymous_5)","decl":{"start":{"line":52,"column":12},"end":{"line":52,"column":13}},"loc":{"start":{"line":52,"column":26},"end":{"line":52,"column":41}},"line":52},"6":{"name":"(anonymous_6)","decl":{"start":{"line":53,"column":12},"end":{"line":53,"column":13}},"loc":{"start":{"line":53,"column":22},"end":{"line":64,"column":7}},"line":53},"7":{"name":"signup","decl":{"start":{"line":68,"column":16},"end":{"line":68,"column":22}},"loc":{"start":{"line":68,"column":73},"end":{"line":96,"column":1}},"line":68},"8":{"name":"(anonymous_8)","decl":{"start":{"line":69,"column":9},"end":{"line":69,"column":10}},"loc":{"start":{"line":69,"column":23},"end":{"line":95,"column":3}},"line":69},"9":{"name":"(anonymous_9)","decl":{"start":{"line":84,"column":12},"end":{"line":84,"column":13}},"loc":{"start":{"line":84,"column":26},"end":{"line":84,"column":41}},"line":84},"10":{"name":"(anonymous_10)","decl":{"start":{"line":85,"column":12},"end":{"line":85,"column":13}},"loc":{"start":{"line":85,"column":22},"end":{"line":94,"column":7}},"line":85},"11":{"name":"startSingup","decl":{"start":{"line":98,"column":16},"end":{"line":98,"column":27}},"loc":{"start":{"line":98,"column":30},"end":{"line":102,"column":1}},"line":98},"12":{"name":"signupFailed","decl":{"start":{"line":104,"column":16},"end":{"line":104,"column":28}},"loc":{"start":{"line":104,"column":36},"end":{"line":109,"column":1}},"line":104},"13":{"name":"signupSuccessful","decl":{"start":{"line":111,"column":16},"end":{"line":111,"column":32}},"loc":{"start":{"line":111,"column":39},"end":{"line":116,"column":1}},"line":111},"14":{"name":"authenticateUser","decl":{"start":{"line":117,"column":16},"end":{"line":117,"column":32}},"loc":{"start":{"line":117,"column":39},"end":{"line":122,"column":1}},"line":117},"15":{"name":"logoutUser","decl":{"start":{"line":124,"column":16},"end":{"line":124,"column":26}},"loc":{"start":{"line":124,"column":29},"end":{"line":128,"column":1}},"line":124},"16":{"name":"clearAuthState","decl":{"start":{"line":130,"column":16},"end":{"line":130,"column":30}},"loc":{"start":{"line":130,"column":33},"end":{"line":134,"column":1}},"line":130},"17":{"name":"editUserSucessfull","decl":{"start":{"line":136,"column":16},"end":{"line":136,"column":34}},"loc":{"start":{"line":136,"column":41},"end":{"line":141,"column":1}},"line":136},"18":{"name":"editUserFailed","decl":{"start":{"line":143,"column":16},"end":{"line":143,"column":30}},"loc":{"start":{"line":143,"column":38},"end":{"line":148,"column":1}},"line":143},"19":{"name":"editUser","decl":{"start":{"line":151,"column":16},"end":{"line":151,"column":24}},"loc":{"start":{"line":157,"column":2},"end":{"line":190,"column":1}},"line":157},"20":{"name":"(anonymous_20)","decl":{"start":{"line":158,"column":9},"end":{"line":158,"column":10}},"loc":{"start":{"line":158,"column":23},"end":{"line":189,"column":3}},"line":158},"21":{"name":"(anonymous_21)","decl":{"start":{"line":175,"column":12},"end":{"line":175,"column":13}},"loc":{"start":{"line":175,"column":26},"end":{"line":175,"column":41}},"line":175},"22":{"name":"(anonymous_22)","decl":{"start":{"line":176,"column":12},"end":{"line":176,"column":13}},"loc":{"start":{"line":176,"column":22},"end":{"line":188,"column":7}},"line":176},"23":{"name":"editItem","decl":{"start":{"line":194,"column":16},"end":{"line":194,"column":24}},"loc":{"start":{"line":199,"column":2},"end":{"line":230,"column":1}},"line":199},"24":{"name":"(anonymous_24)","decl":{"start":{"line":200,"column":9},"end":{"line":200,"column":10}},"loc":{"start":{"line":200,"column":23},"end":{"line":229,"column":3}},"line":200},"25":{"name":"(anonymous_25)","decl":{"start":{"line":215,"column":12},"end":{"line":215,"column":13}},"loc":{"start":{"line":215,"column":26},"end":{"line":215,"column":41}},"line":215},"26":{"name":"(anonymous_26)","decl":{"start":{"line":216,"column":12},"end":{"line":216,"column":13}},"loc":{"start":{"line":216,"column":22},"end":{"line":228,"column":7}},"line":216},"27":{"name":"editItemSucessfull","decl":{"start":{"line":233,"column":16},"end":{"line":233,"column":34}},"loc":{"start":{"line":233,"column":48},"end":{"line":238,"column":1}},"line":233}},"branchMap":{"0":{"loc":{"start":{"line":56,"column":8},"end":{"line":62,"column":9}},"type":"if","locations":[{"start":{"line":56,"column":8},"end":{"line":62,"column":9}},{"start":{"line":56,"column":8},"end":{"line":62,"column":9}}],"line":56},"1":{"loc":{"start":{"line":87,"column":8},"end":{"line":92,"column":9}},"type":"if","locations":[{"start":{"line":87,"column":8},"end":{"line":92,"column":9}},{"start":{"line":87,"column":8},"end":{"line":92,"column":9}}],"line":87},"2":{"loc":{"start":{"line":178,"column":8},"end":{"line":185,"column":9}},"type":"if","locations":[{"start":{"line":178,"column":8},"end":{"line":185,"column":9}},{"start":{"line":178,"column":8},"end":{"line":185,"column":9}}],"line":178},"3":{"loc":{"start":{"line":181,"column":10},"end":{"line":183,"column":11}},"type":"if","locations":[{"start":{"line":181,"column":10},"end":{"line":183,"column":11}},{"start":{"line":181,"column":10},"end":{"line":183,"column":11}}],"line":181},"4":{"loc":{"start":{"line":218,"column":8},"end":{"line":225,"column":9}},"type":"if","locations":[{"start":{"line":218,"column":8},"end":{"line":225,"column":9}},{"start":{"line":218,"column":8},"end":{"line":225,"column":9}}],"line":218},"5":{"loc":{"start":{"line":221,"column":10},"end":{"line":223,"column":11}},"type":"if","locations":[{"start":{"line":221,"column":10},"end":{"line":223,"column":11}},{"start":{"line":221,"column":10},"end":{"line":223,"column":11}}],"line":221}},"s":{"0":0,"1":0,"2":0,"3":0,"4":0,"5":0,"6":0,"7":0,"8":0,"9":0,"10":0,"11":0,"12":0,"13":0,"14":0,"15":0,"16":0,"17":0,"18":0,"19":0,"20":0,"21":0,"22":0,"23":0,"24":0,"25":0,"26":0,"27":0,"28":0,"29":0,"30":0,"31":0,"32":0,"33":0,"34":0,"35":0,"36":0,"37":0,"38":0,"39":0,"40":0,"41":0,"42":0,"43":0,"44":0,"45":0,"46":0,"47":0,"48":0,"49":0,"50":0,"51":0,"52":0},"f":{"0":0,"1":0,"2":0,"3":0,"4":0,"5":0,"6":0,"7":0,"8":0,"9":0,"10":0,"11":0,"12":0,"13":0,"14":0,"15":0,"16":0,"17":0,"18":0,"19":0,"20":0,"21":0,"22":0,"23":0,"24":0,"25":0,"26":0,"27":0},"b":{"0":[0,0],"1":[0,0],"2":[0,0],"3":[0,0],"4":[0,0],"5":[0,0]},"_coverageSchema":"43e27e138ebf9cfc5966b082cf9a028302ed4184","hash":"62a53905ecd5c3d8143b61fa59a08297b3f4aac2"}
,"C:\\Sahil\\NC_State\\Fall_21\\SE\\pull 4-12-shamko\\FE\\CSC510_Group25_Project1\\src\\actions\\job.js": {"path":"C:\\Sahil\\NC_State\\Fall_21\\SE\\pull 4-12-shamko\\FE\\CSC510_Group25_Project1\\src\\actions\\job.js","statementMap":{"0":{"start":{"line":17,"column":4},"end":{"line":45,"column":6}},"1":{"start":{"line":18,"column":18},"end":{"line":18,"column":37}},"2":{"start":{"line":19,"column":6},"end":{"line":44,"column":11}},"3":{"start":{"line":34,"column":28},"end":{"line":34,"column":43}},"4":{"start":{"line":37,"column":10},"end":{"line":42,"column":11}},"5":{"start":{"line":39,"column":12},"end":{"line":39,"column":59}},"6":{"start":{"line":40,"column":12},"end":{"line":40,"column":48}},"7":{"start":{"line":41,"column":12},"end":{"line":41,"column":19}},"8":{"start":{"line":52,"column":4},"end":{"line":79,"column":6}},"9":{"start":{"line":53,"column":18},"end":{"line":53,"column":38}},"10":{"start":{"line":54,"column":6},"end":{"line":78,"column":11}},"11":{"start":{"line":68,"column":28},"end":{"line":68,"column":43}},"12":{"start":{"line":71,"column":10},"end":{"line":76,"column":11}},"13":{"start":{"line":73,"column":12},"end":{"line":73,"column":59}},"14":{"start":{"line":74,"column":12},"end":{"line":74,"column":50}},"15":{"start":{"line":75,"column":12},"end":{"line":75,"column":19}},"16":{"start":{"line":86,"column":4},"end":{"line":89,"column":6}},"17":{"start":{"line":93,"column":4},"end":{"line":96,"column":6}},"18":{"start":{"line":100,"column":4},"end":{"line":113,"column":6}},"19":{"start":{"line":102,"column":18},"end":{"line":102,"column":37}},"20":{"start":{"line":104,"column":6},"end":{"line":112,"column":11}},"21":{"start":{"line":106,"column":10},"end":{"line":106,"column":44}},"22":{"start":{"line":107,"column":10},"end":{"line":107,"column":33}},"23":{"start":{"line":110,"column":10},"end":{"line":110,"column":39}},"24":{"start":{"line":111,"column":10},"end":{"line":111,"column":42}},"25":{"start":{"line":116,"column":4},"end":{"line":129,"column":6}},"26":{"start":{"line":118,"column":18},"end":{"line":118,"column":38}},"27":{"start":{"line":120,"column":6},"end":{"line":128,"column":11}},"28":{"start":{"line":122,"column":10},"end":{"line":122,"column":44}},"29":{"start":{"line":123,"column":10},"end":{"line":123,"column":33}},"30":{"start":{"line":126,"column":10},"end":{"line":126,"column":42}},"31":{"start":{"line":127,"column":10},"end":{"line":127,"column":42}},"32":{"start":{"line":135,"column":4},"end":{"line":138,"column":6}},"33":{"start":{"line":142,"column":4},"end":{"line":145,"column":6}}},"fnMap":{"0":{"name":"createJob","decl":{"start":{"line":14,"column":16},"end":{"line":14,"column":25}},"loc":{"start":{"line":16,"column":4},"end":{"line":46,"column":3}},"line":16},"1":{"name":"(anonymous_1)","decl":{"start":{"line":17,"column":11},"end":{"line":17,"column":12}},"loc":{"start":{"line":17,"column":25},"end":{"line":45,"column":5}},"line":17},"2":{"name":"(anonymous_2)","decl":{"start":{"line":34,"column":14},"end":{"line":34,"column":15}},"loc":{"start":{"line":34,"column":28},"end":{"line":34,"column":43}},"line":34},"3":{"name":"(anonymous_3)","decl":{"start":{"line":35,"column":14},"end":{"line":35,"column":15}},"loc":{"start":{"line":35,"column":24},"end":{"line":44,"column":9}},"line":35},"4":{"name":"createMenu","decl":{"start":{"line":49,"column":18},"end":{"line":49,"column":28}},"loc":{"start":{"line":51,"column":4},"end":{"line":80,"column":3}},"line":51},"5":{"name":"(anonymous_5)","decl":{"start":{"line":52,"column":11},"end":{"line":52,"column":12}},"loc":{"start":{"line":52,"column":25},"end":{"line":79,"column":5}},"line":52},"6":{"name":"(anonymous_6)","decl":{"start":{"line":68,"column":14},"end":{"line":68,"column":15}},"loc":{"start":{"line":68,"column":28},"end":{"line":68,"column":43}},"line":68},"7":{"name":"(anonymous_7)","decl":{"start":{"line":69,"column":14},"end":{"line":69,"column":15}},"loc":{"start":{"line":69,"column":24},"end":{"line":78,"column":9}},"line":69},"8":{"name":"jobSuccess","decl":{"start":{"line":85,"column":18},"end":{"line":85,"column":28}},"loc":{"start":{"line":85,"column":34},"end":{"line":90,"column":3}},"line":85},"9":{"name":"menuSuccess","decl":{"start":{"line":92,"column":18},"end":{"line":92,"column":29}},"loc":{"start":{"line":92,"column":36},"end":{"line":97,"column":3}},"line":92},"10":{"name":"fetchJobs","decl":{"start":{"line":99,"column":18},"end":{"line":99,"column":27}},"loc":{"start":{"line":99,"column":30},"end":{"line":114,"column":3}},"line":99},"11":{"name":"(anonymous_11)","decl":{"start":{"line":100,"column":11},"end":{"line":100,"column":12}},"loc":{"start":{"line":100,"column":25},"end":{"line":113,"column":5}},"line":100},"12":{"name":"(anonymous_12)","decl":{"start":{"line":105,"column":14},"end":{"line":105,"column":15}},"loc":{"start":{"line":105,"column":28},"end":{"line":108,"column":9}},"line":105},"13":{"name":"(anonymous_13)","decl":{"start":{"line":109,"column":14},"end":{"line":109,"column":15}},"loc":{"start":{"line":109,"column":24},"end":{"line":112,"column":9}},"line":109},"14":{"name":"fetchMenus","decl":{"start":{"line":115,"column":18},"end":{"line":115,"column":28}},"loc":{"start":{"line":115,"column":31},"end":{"line":130,"column":3}},"line":115},"15":{"name":"(anonymous_15)","decl":{"start":{"line":116,"column":11},"end":{"line":116,"column":12}},"loc":{"start":{"line":116,"column":25},"end":{"line":129,"column":5}},"line":116},"16":{"name":"(anonymous_16)","decl":{"start":{"line":121,"column":14},"end":{"line":121,"column":15}},"loc":{"start":{"line":121,"column":28},"end":{"line":124,"column":9}},"line":121},"17":{"name":"(anonymous_17)","decl":{"start":{"line":125,"column":14},"end":{"line":125,"column":15}},"loc":{"start":{"line":125,"column":24},"end":{"line":128,"column":9}},"line":125},"18":{"name":"updateJobs","decl":{"start":{"line":134,"column":16},"end":{"line":134,"column":26}},"loc":{"start":{"line":134,"column":33},"end":{"line":139,"column":3}},"line":134},"19":{"name":"updateMenu","decl":{"start":{"line":141,"column":18},"end":{"line":141,"column":28}},"loc":{"start":{"line":141,"column":35},"end":{"line":146,"column":3}},"line":141}},"branchMap":{"0":{"loc":{"start":{"line":37,"column":10},"end":{"line":42,"column":11}},"type":"if","locations":[{"start":{"line":37,"column":10},"end":{"line":42,"column":11}},{"start":{"line":37,"column":10},"end":{"line":42,"column":11}}],"line":37},"1":{"loc":{"start":{"line":71,"column":10},"end":{"line":76,"column":11}},"type":"if","locations":[{"start":{"line":71,"column":10},"end":{"line":76,"column":11}},{"start":{"line":71,"column":10},"end":{"line":76,"column":11}}],"line":71}},"s":{"0":0,"1":0,"2":0,"3":0,"4":0,"5":0,"6":0,"7":0,"8":0,"9":0,"10":0,"11":0,"12":0,"13":0,"14":0,"15":0,"16":0,"17":0,"18":2,"19":2,"20":2,"21":0,"22":0,"23":0,"24":0,"25":1,"26":1,"27":1,"28":0,"29":0,"30":0,"31":0,"32":0,"33":0},"f":{"0":0,"1":0,"2":0,"3":0,"4":0,"5":0,"6":0,"7":0,"8":0,"9":0,"10":2,"11":2,"12":0,"13":0,"14":1,"15":1,"16":0,"17":0,"18":0,"19":0},"b":{"0":[0,0],"1":[0,0]},"_coverageSchema":"43e27e138ebf9cfc5966b082cf9a028302ed4184","hash":"8915a50720a0a6faab0aa6e0a43f072fead68af1"}
,"C:\\Sahil\\NC_State\\Fall_21\\SE\\pull 4-12-shamko\\FE\\CSC510_Group25_Project1\\src\\actions\\search.js": {"path":"C:\\Sahil\\NC_State\\Fall_21\\SE\\pull 4-12-shamko\\FE\\CSC510_Group25_Project1\\src\\actions\\search.js","statementMap":{"0":{"start":{"line":8,"column":2},"end":{"line":31,"column":4}},"1":{"start":{"line":9,"column":16},"end":{"line":9,"column":46}},"2":{"start":{"line":10,"column":4},"end":{"line":10,"column":28}},"3":{"start":{"line":11,"column":4},"end":{"line":11,"column":35}},"4":{"start":{"line":13,"column":4},"end":{"line":30,"column":5}},"5":{"start":{"line":14,"column":6},"end":{"line":14,"column":42}},"6":{"start":{"line":16,"column":6},"end":{"line":29,"column":11}},"7":{"start":{"line":22,"column":28},"end":{"line":22,"column":43}},"8":{"start":{"line":24,"column":10},"end":{"line":24,"column":43}},"9":{"start":{"line":26,"column":10},"end":{"line":28,"column":11}},"10":{"start":{"line":27,"column":12},"end":{"line":27,"column":60}},"11":{"start":{"line":35,"column":2},"end":{"line":38,"column":4}},"12":{"start":{"line":42,"column":2},"end":{"line":45,"column":4}},"13":{"start":{"line":49,"column":2},"end":{"line":52,"column":4}}},"fnMap":{"0":{"name":"searchUsers","decl":{"start":{"line":7,"column":16},"end":{"line":7,"column":27}},"loc":{"start":{"line":7,"column":40},"end":{"line":32,"column":1}},"line":7},"1":{"name":"(anonymous_1)","decl":{"start":{"line":8,"column":9},"end":{"line":8,"column":10}},"loc":{"start":{"line":8,"column":23},"end":{"line":31,"column":3}},"line":8},"2":{"name":"(anonymous_2)","decl":{"start":{"line":22,"column":14},"end":{"line":22,"column":15}},"loc":{"start":{"line":22,"column":28},"end":{"line":22,"column":43}},"line":22},"3":{"name":"(anonymous_3)","decl":{"start":{"line":23,"column":14},"end":{"line":23,"column":15}},"loc":{"start":{"line":23,"column":24},"end":{"line":29,"column":9}},"line":23},"4":{"name":"searchResultsSuccess","decl":{"start":{"line":34,"column":16},"end":{"line":34,"column":36}},"loc":{"start":{"line":34,"column":44},"end":{"line":39,"column":1}},"line":34},"5":{"name":"searchResultsSuccess2","decl":{"start":{"line":41,"column":16},"end":{"line":41,"column":37}},"loc":{"start":{"line":41,"column":45},"end":{"line":46,"column":1}},"line":41},"6":{"name":"clearsearchstate","decl":{"start":{"line":48,"column":16},"end":{"line":48,"column":32}},"loc":{"start":{"line":48,"column":42},"end":{"line":53,"column":1}},"line":48}},"branchMap":{"0":{"loc":{"start":{"line":13,"column":4},"end":{"line":30,"column":5}},"type":"if","locations":[{"start":{"line":13,"column":4},"end":{"line":30,"column":5}},{"start":{"line":13,"column":4},"end":{"line":30,"column":5}}],"line":13},"1":{"loc":{"start":{"line":26,"column":10},"end":{"line":28,"column":11}},"type":"if","locations":[{"start":{"line":26,"column":10},"end":{"line":28,"column":11}},{"start":{"line":26,"column":10},"end":{"line":28,"column":11}}],"line":26}},"s":{"0":0,"1":0,"2":0,"3":0,"4":0,"5":0,"6":0,"7":0,"8":0,"9":0,"10":0,"11":0,"12":0,"13":0},"f":{"0":0,"1":0,"2":0,"3":0,"4":0,"5":0,"6":0},"b":{"0":[0,0],"1":[0,0]},"_coverageSchema":"43e27e138ebf9cfc5966b082cf9a028302ed4184","hash":"477ce5e59cd220fb02095122c46a6d022c7d7084"}
,"C:\\Sahil\\NC_State\\Fall_21\\SE\\pull 4-12-shamko\\FE\\CSC510_Group25_Project1\\src\\components\\App.js": {"path":"C:\\Sahil\\NC_State\\Fall_21\\SE\\pull 4-12-shamko\\FE\\CSC510_Group25_Project1\\src\\components\\App.js","statementMap":{"0":{"start":{"line":18,"column":21},"end":{"line":40,"column":1}},"1":{"start":{"line":19,"column":53},"end":{"line":19,"column":70}},"2":{"start":{"line":21,"column":2},"end":{"line":39,"column":4}},"3":{"start":{"line":25,"column":8},"end":{"line":36,"column":10}},"4":{"start":{"line":51,"column":4},"end":{"line":51,"column":37}},"5":{"start":{"line":53,"column":4},"end":{"line":53,"column":38}},"6":{"start":{"line":56,"column":18},"end":{"line":56,"column":48}},"7":{"start":{"line":58,"column":4},"end":{"line":72,"column":5}},"8":{"start":{"line":59,"column":19},"end":{"line":59,"column":35}},"9":{"start":{"line":61,"column":6},"end":{"line":61,"column":32}},"10":{"start":{"line":63,"column":6},"end":{"line":69,"column":8}},"11":{"start":{"line":76,"column":19},"end":{"line":76,"column":29}},"12":{"start":{"line":77,"column":27},"end":{"line":77,"column":42}},"13":{"start":{"line":78,"column":19},"end":{"line":78,"column":34}},"14":{"start":{"line":79,"column":18},"end":{"line":79,"column":28}},"15":{"start":{"line":80,"column":4},"end":{"line":147,"column":6}},"16":{"start":{"line":89,"column":10},"end":{"line":93,"column":10}},"17":{"start":{"line":153,"column":2},"end":{"line":160,"column":3}}},"fnMap":{"0":{"name":"(anonymous_0)","decl":{"start":{"line":18,"column":21},"end":{"line":18,"column":22}},"loc":{"start":{"line":18,"column":44},"end":{"line":40,"column":1}},"line":18},"1":{"name":"(anonymous_1)","decl":{"start":{"line":24,"column":14},"end":{"line":24,"column":15}},"loc":{"start":{"line":24,"column":25},"end":{"line":37,"column":7}},"line":24},"2":{"name":"(anonymous_2)","decl":{"start":{"line":46,"column":2},"end":{"line":46,"column":3}},"loc":{"start":{"line":46,"column":22},"end":{"line":73,"column":3}},"line":46},"3":{"name":"(anonymous_3)","decl":{"start":{"line":75,"column":2},"end":{"line":75,"column":3}},"loc":{"start":{"line":75,"column":11},"end":{"line":148,"column":3}},"line":75},"4":{"name":"(anonymous_4)","decl":{"start":{"line":88,"column":37},"end":{"line":88,"column":38}},"loc":{"start":{"line":88,"column":48},"end":{"line":94,"column":9}},"line":88},"5":{"name":"mapStateToProps","decl":{"start":{"line":151,"column":9},"end":{"line":151,"column":24}},"loc":{"start":{"line":151,"column":32},"end":{"line":162,"column":1}},"line":151}},"branchMap":{"0":{"loc":{"start":{"line":25,"column":15},"end":{"line":36,"column":9}},"type":"cond-expr","locations":[{"start":{"line":26,"column":10},"end":{"line":26,"column":34}},{"start":{"line":28,"column":10},"end":{"line":35,"column":12}}],"line":25},"1":{"loc":{"start":{"line":58,"column":4},"end":{"line":72,"column":5}},"type":"if","locations":[{"start":{"line":58,"column":4},"end":{"line":72,"column":5}},{"start":{"line":58,"column":4},"end":{"line":72,"column":5}}],"line":58}},"s":{"0":1,"1":0,"2":0,"3":0,"4":1,"5":1,"6":1,"7":1,"8":0,"9":0,"10":0,"11":1,"12":1,"13":1,"14":1,"15":1,"16":1,"17":1},"f":{"0":0,"1":0,"2":1,"3":1,"4":1,"5":1},"b":{"0":[0,0],"1":[0,1]},"_coverageSchema":"43e27e138ebf9cfc5966b082cf9a028302ed4184","hash":"7a4279dc6670d45771b67cae0de738f26a6fd6bd"}
,"C:\\Sahil\\NC_State\\Fall_21\\SE\\pull 4-12-shamko\\FE\\CSC510_Group25_Project1\\src\\components\\Application.js": {"path":"C:\\Sahil\\NC_State\\Fall_21\\SE\\pull 4-12-shamko\\FE\\CSC510_Group25_Project1\\src\\components\\Application.js","statementMap":{},"fnMap":{},"branchMap":{},"s":{},"f":{},"b":{},"_coverageSchema":"43e27e138ebf9cfc5966b082cf9a028302ed4184","hash":"965ac41e1ecc42f213fa50d41c6ad6851abcb073"}
,"C:\\Sahil\\NC_State\\Fall_21\\SE\\pull 4-12-shamko\\FE\\CSC510_Group25_Project1\\src\\components\\Goal.js": {"path":"C:\\Sahil\\NC_State\\Fall_21\\SE\\pull 4-12-shamko\\FE\\CSC510_Group25_Project1\\src\\components\\Goal.js","statementMap":{"0":{"start":{"line":17,"column":8},"end":{"line":17,"column":21}},"1":{"start":{"line":19,"column":8},"end":{"line":28,"column":10}},"2":{"start":{"line":32,"column":20},"end":{"line":47,"column":7}},"3":{"start":{"line":34,"column":36},"end":{"line":34,"column":46}},"4":{"start":{"line":36,"column":8},"end":{"line":36,"column":29}},"5":{"start":{"line":39,"column":8},"end":{"line":39,"column":56}},"6":{"start":{"line":41,"column":8},"end":{"line":43,"column":10}},"7":{"start":{"line":51,"column":18},"end":{"line":55,"column":5}},"8":{"start":{"line":52,"column":8},"end":{"line":52,"column":49}},"9":{"start":{"line":53,"column":8},"end":{"line":53,"column":30}},"10":{"start":{"line":57,"column":24},"end":{"line":65,"column":7}},"11":{"start":{"line":59,"column":8},"end":{"line":61,"column":10}},"12":{"start":{"line":68,"column":15},"end":{"line":85,"column":3}},"13":{"start":{"line":70,"column":83},"end":{"line":70,"column":93}},"14":{"start":{"line":72,"column":19},"end":{"line":72,"column":34}},"15":{"start":{"line":74,"column":4},"end":{"line":77,"column":6}},"16":{"start":{"line":79,"column":4},"end":{"line":79,"column":111}},"17":{"start":{"line":81,"column":4},"end":{"line":83,"column":6}},"18":{"start":{"line":88,"column":4},"end":{"line":88,"column":37}},"19":{"start":{"line":96,"column":22},"end":{"line":96,"column":37}},"20":{"start":{"line":97,"column":21},"end":{"line":97,"column":36}},"21":{"start":{"line":98,"column":20},"end":{"line":98,"column":30}},"22":{"start":{"line":101,"column":8},"end":{"line":206,"column":10}},"23":{"start":{"line":115,"column":29},"end":{"line":115,"column":79}},"24":{"start":{"line":124,"column":29},"end":{"line":124,"column":79}},"25":{"start":{"line":133,"column":29},"end":{"line":133,"column":82}},"26":{"start":{"line":141,"column":29},"end":{"line":141,"column":81}},"27":{"start":{"line":150,"column":29},"end":{"line":150,"column":82}},"28":{"start":{"line":177,"column":29},"end":{"line":177,"column":79}},"29":{"start":{"line":186,"column":29},"end":{"line":186,"column":79}},"30":{"start":{"line":213,"column":4},"end":{"line":217,"column":6}}},"fnMap":{"0":{"name":"(anonymous_0)","decl":{"start":{"line":16,"column":4},"end":{"line":16,"column":5}},"loc":{"start":{"line":16,"column":23},"end":{"line":29,"column":7}},"line":16},"1":{"name":"(anonymous_1)","decl":{"start":{"line":32,"column":20},"end":{"line":32,"column":21}},"loc":{"start":{"line":32,"column":26},"end":{"line":47,"column":7}},"line":32},"2":{"name":"(anonymous_2)","decl":{"start":{"line":51,"column":18},"end":{"line":51,"column":19}},"loc":{"start":{"line":51,"column":24},"end":{"line":55,"column":5}},"line":51},"3":{"name":"(anonymous_3)","decl":{"start":{"line":57,"column":24},"end":{"line":57,"column":25}},"loc":{"start":{"line":57,"column":43},"end":{"line":65,"column":7}},"line":57},"4":{"name":"(anonymous_4)","decl":{"start":{"line":68,"column":15},"end":{"line":68,"column":16}},"loc":{"start":{"line":68,"column":21},"end":{"line":85,"column":3}},"line":68},"5":{"name":"(anonymous_5)","decl":{"start":{"line":87,"column":2},"end":{"line":87,"column":3}},"loc":{"start":{"line":87,"column":22},"end":{"line":89,"column":3}},"line":87},"6":{"name":"(anonymous_6)","decl":{"start":{"line":94,"column":4},"end":{"line":94,"column":5}},"loc":{"start":{"line":94,"column":13},"end":{"line":207,"column":5}},"line":94},"7":{"name":"(anonymous_7)","decl":{"start":{"line":115,"column":22},"end":{"line":115,"column":23}},"loc":{"start":{"line":115,"column":29},"end":{"line":115,"column":79}},"line":115},"8":{"name":"(anonymous_8)","decl":{"start":{"line":124,"column":22},"end":{"line":124,"column":23}},"loc":{"start":{"line":124,"column":29},"end":{"line":124,"column":79}},"line":124},"9":{"name":"(anonymous_9)","decl":{"start":{"line":133,"column":22},"end":{"line":133,"column":23}},"loc":{"start":{"line":133,"column":29},"end":{"line":133,"column":82}},"line":133},"10":{"name":"(anonymous_10)","decl":{"start":{"line":141,"column":22},"end":{"line":141,"column":23}},"loc":{"start":{"line":141,"column":29},"end":{"line":141,"column":81}},"line":141},"11":{"name":"(anonymous_11)","decl":{"start":{"line":150,"column":22},"end":{"line":150,"column":23}},"loc":{"start":{"line":150,"column":29},"end":{"line":150,"column":82}},"line":150},"12":{"name":"(anonymous_12)","decl":{"start":{"line":177,"column":22},"end":{"line":177,"column":23}},"loc":{"start":{"line":177,"column":29},"end":{"line":177,"column":79}},"line":177},"13":{"name":"(anonymous_13)","decl":{"start":{"line":186,"column":22},"end":{"line":186,"column":23}},"loc":{"start":{"line":186,"column":29},"end":{"line":186,"column":79}},"line":186},"14":{"name":"mapStateToProps","decl":{"start":{"line":212,"column":9},"end":{"line":212,"column":24}},"loc":{"start":{"line":212,"column":32},"end":{"line":218,"column":3}},"line":212}},"branchMap":{"0":{"loc":{"start":{"line":106,"column":13},"end":{"line":106,"column":71}},"type":"binary-expr","locations":[{"start":{"line":106,"column":13},"end":{"line":106,"column":18}},{"start":{"line":106,"column":22},"end":{"line":106,"column":71}}],"line":106},"1":{"loc":{"start":{"line":167,"column":13},"end":{"line":167,"column":71}},"type":"binary-expr","locations":[{"start":{"line":167,"column":13},"end":{"line":167,"column":18}},{"start":{"line":167,"column":22},"end":{"line":167,"column":71}}],"line":167}},"s":{"0":1,"1":1,"2":1,"3":0,"4":0,"5":0,"6":0,"7":1,"8":0,"9":0,"10":1,"11":0,"12":1,"13":0,"14":0,"15":0,"16":0,"17":0,"18":1,"19":1,"20":1,"21":1,"22":1,"23":0,"24":0,"25":0,"26":0,"27":0,"28":0,"29":0,"30":1},"f":{"0":1,"1":0,"2":0,"3":0,"4":0,"5":1,"6":1,"7":0,"8":0,"9":0,"10":0,"11":0,"12":0,"13":0,"14":1},"b":{"0":[1,0],"1":[1,0]},"_coverageSchema":"43e27e138ebf9cfc5966b082cf9a028302ed4184","hash":"e94e5a1ec5f50d7e8eff726d821b54499b407b7d"}
,"C:\\Sahil\\NC_State\\Fall_21\\SE\\pull 4-12-shamko\\FE\\CSC510_Group25_Project1\\src\\components\\History.js": {"path":"C:\\Sahil\\NC_State\\Fall_21\\SE\\pull 4-12-shamko\\FE\\CSC510_Group25_Project1\\src\\components\\History.js","statementMap":{"0":{"start":{"line":13,"column":4},"end":{"line":13,"column":17}},"1":{"start":{"line":15,"column":4},"end":{"line":18,"column":6}},"2":{"start":{"line":23,"column":18},"end":{"line":23,"column":28}},"3":{"start":{"line":24,"column":30},"end":{"line":24,"column":40}},"4":{"start":{"line":33,"column":20},"end":{"line":33,"column":30}},"5":{"start":{"line":34,"column":21},"end":{"line":34,"column":36}},"6":{"start":{"line":35,"column":6},"end":{"line":35,"column":33}},"7":{"start":{"line":36,"column":21},"end":{"line":36,"column":25}},"8":{"start":{"line":37,"column":19},"end":{"line":37,"column":24}},"9":{"start":{"line":38,"column":23},"end":{"line":38,"column":28}},"10":{"start":{"line":39,"column":6},"end":{"line":39,"column":84}},"11":{"start":{"line":39,"column":24},"end":{"line":39,"column":82}},"12":{"start":{"line":40,"column":6},"end":{"line":40,"column":82}},"13":{"start":{"line":40,"column":24},"end":{"line":40,"column":80}},"14":{"start":{"line":41,"column":6},"end":{"line":41,"column":89}},"15":{"start":{"line":41,"column":24},"end":{"line":41,"column":87}},"16":{"start":{"line":42,"column":8},"end":{"line":92,"column":10}},"17":{"start":{"line":98,"column":4},"end":{"line":104,"column":6}}},"fnMap":{"0":{"name":"(anonymous_0)","decl":{"start":{"line":12,"column":2},"end":{"line":12,"column":3}},"loc":{"start":{"line":12,"column":21},"end":{"line":19,"column":3}},"line":12},"1":{"name":"(anonymous_1)","decl":{"start":{"line":21,"column":2},"end":{"line":21,"column":3}},"loc":{"start":{"line":21,"column":22},"end":{"line":29,"column":3}},"line":21},"2":{"name":"(anonymous_2)","decl":{"start":{"line":32,"column":4},"end":{"line":32,"column":5}},"loc":{"start":{"line":32,"column":13},"end":{"line":94,"column":5}},"line":32},"3":{"name":"(anonymous_3)","decl":{"start":{"line":39,"column":14},"end":{"line":39,"column":15}},"loc":{"start":{"line":39,"column":24},"end":{"line":39,"column":82}},"line":39},"4":{"name":"(anonymous_4)","decl":{"start":{"line":40,"column":14},"end":{"line":40,"column":15}},"loc":{"start":{"line":40,"column":24},"end":{"line":40,"column":80}},"line":40},"5":{"name":"(anonymous_5)","decl":{"start":{"line":41,"column":14},"end":{"line":41,"column":15}},"loc":{"start":{"line":41,"column":24},"end":{"line":41,"column":87}},"line":41},"6":{"name":"mapStateToProps","decl":{"start":{"line":97,"column":9},"end":{"line":97,"column":24}},"loc":{"start":{"line":97,"column":32},"end":{"line":105,"column":3}},"line":97}},"branchMap":{"0":{"loc":{"start":{"line":39,"column":24},"end":{"line":39,"column":82}},"type":"binary-expr","locations":[{"start":{"line":39,"column":24},"end":{"line":39,"column":53}},{"start":{"line":39,"column":57},"end":{"line":39,"column":82}}],"line":39},"1":{"loc":{"start":{"line":40,"column":24},"end":{"line":40,"column":80}},"type":"binary-expr","locations":[{"start":{"line":40,"column":24},"end":{"line":40,"column":53}},{"start":{"line":40,"column":57},"end":{"line":40,"column":80}}],"line":40},"2":{"loc":{"start":{"line":41,"column":24},"end":{"line":41,"column":87}},"type":"binary-expr","locations":[{"start":{"line":41,"column":24},"end":{"line":41,"column":53}},{"start":{"line":41,"column":57},"end":{"line":41,"column":87}}],"line":41}},"s":{"0":1,"1":1,"2":1,"3":1,"4":1,"5":1,"6":1,"7":1,"8":1,"9":1,"10":1,"11":0,"12":1,"13":0,"14":1,"15":0,"16":1,"17":1},"f":{"0":1,"1":1,"2":1,"3":0,"4":0,"5":0,"6":1},"b":{"0":[0,0],"1":[0,0],"2":[0,0]},"_coverageSchema":"43e27e138ebf9cfc5966b082cf9a028302ed4184","hash":"ee17288168cbe8cb885e123f89073dee25da6df2"}
,"C:\\Sahil\\NC_State\\Fall_21\\SE\\pull 4-12-shamko\\FE\\CSC510_Group25_Project1\\src\\components\\Home.js": {"path":"C:\\Sahil\\NC_State\\Fall_21\\SE\\pull 4-12-shamko\\FE\\CSC510_Group25_Project1\\src\\components\\Home.js","statementMap":{"0":{"start":{"line":12,"column":31},"end":{"line":12,"column":41}},"1":{"start":{"line":13,"column":8},"end":{"line":13,"column":37}},"2":{"start":{"line":15,"column":8},"end":{"line":15,"column":33}},"3":{"start":{"line":16,"column":8},"end":{"line":16,"column":35}},"4":{"start":{"line":17,"column":8},"end":{"line":56,"column":10}},"5":{"start":{"line":62,"column":4},"end":{"line":68,"column":6}}},"fnMap":{"0":{"name":"(anonymous_0)","decl":{"start":{"line":11,"column":4},"end":{"line":11,"column":5}},"loc":{"start":{"line":11,"column":13},"end":{"line":58,"column":5}},"line":11},"1":{"name":"mapStateToProps","decl":{"start":{"line":61,"column":9},"end":{"line":61,"column":24}},"loc":{"start":{"line":61,"column":32},"end":{"line":69,"column":3}},"line":61}},"branchMap":{},"s":{"0":2,"1":2,"2":2,"3":2,"4":2,"5":2},"f":{"0":2,"1":2},"b":{},"_coverageSchema":"43e27e138ebf9cfc5966b082cf9a028302ed4184","hash":"3289cdce0e4f64a1f995852809d3eba1b16d3402"}
,"C:\\Sahil\\NC_State\\Fall_21\\SE\\pull 4-12-shamko\\FE\\CSC510_Group25_Project1\\src\\components\\Job.js": {"path":"C:\\Sahil\\NC_State\\Fall_21\\SE\\pull 4-12-shamko\\FE\\CSC510_Group25_Project1\\src\\components\\Job.js","statementMap":{"0":{"start":{"line":12,"column":24},"end":{"line":12,"column":34}},"1":{"start":{"line":13,"column":23},"end":{"line":13,"column":38}},"2":{"start":{"line":14,"column":8},"end":{"line":14,"column":37}},"3":{"start":{"line":16,"column":8},"end":{"line":58,"column":10}},"4":{"start":{"line":63,"column":4},"end":{"line":68,"column":6}}},"fnMap":{"0":{"name":"(anonymous_0)","decl":{"start":{"line":11,"column":4},"end":{"line":11,"column":5}},"loc":{"start":{"line":11,"column":13},"end":{"line":59,"column":5}},"line":11},"1":{"name":"mapStateToProps","decl":{"start":{"line":62,"column":9},"end":{"line":62,"column":24}},"loc":{"start":{"line":62,"column":52},"end":{"line":69,"column":3}},"line":62}},"branchMap":{"0":{"loc":{"start":{"line":19,"column":15},"end":{"line":56,"column":23}},"type":"cond-expr","locations":[{"start":{"line":20,"column":12},"end":{"line":56,"column":18}},{"start":{"line":56,"column":21},"end":{"line":56,"column":23}}],"line":19}},"s":{"0":2,"1":2,"2":2,"3":2,"4":2},"f":{"0":2,"1":2},"b":{"0":[2,0]},"_coverageSchema":"43e27e138ebf9cfc5966b082cf9a028302ed4184","hash":"7cf8cd3050572c62ea147961c1bd08cab14c7cf4"}
,"C:\\Sahil\\NC_State\\Fall_21\\SE\\pull 4-12-shamko\\FE\\CSC510_Group25_Project1\\src\\components\\Job1.js": {"path":"C:\\Sahil\\NC_State\\Fall_21\\SE\\pull 4-12-shamko\\FE\\CSC510_Group25_Project1\\src\\components\\Job1.js","statementMap":{"0":{"start":{"line":15,"column":24},"end":{"line":15,"column":34}},"1":{"start":{"line":16,"column":24},"end":{"line":16,"column":34}},"2":{"start":{"line":17,"column":23},"end":{"line":17,"column":38}},"3":{"start":{"line":18,"column":8},"end":{"line":18,"column":37}},"4":{"start":{"line":19,"column":31},"end":{"line":19,"column":46}},"5":{"start":{"line":20,"column":8},"end":{"line":55,"column":10}},"6":{"start":{"line":60,"column":4},"end":{"line":65,"column":6}}},"fnMap":{"0":{"name":"(anonymous_0)","decl":{"start":{"line":14,"column":4},"end":{"line":14,"column":5}},"loc":{"start":{"line":14,"column":13},"end":{"line":56,"column":5}},"line":14},"1":{"name":"mapStateToProps","decl":{"start":{"line":59,"column":9},"end":{"line":59,"column":24}},"loc":{"start":{"line":59,"column":52},"end":{"line":66,"column":3}},"line":59}},"branchMap":{"0":{"loc":{"start":{"line":23,"column":15},"end":{"line":53,"column":23}},"type":"cond-expr","locations":[{"start":{"line":24,"column":12},"end":{"line":53,"column":18}},{"start":{"line":53,"column":21},"end":{"line":53,"column":23}}],"line":23}},"s":{"0":0,"1":0,"2":0,"3":0,"4":0,"5":0,"6":0},"f":{"0":0,"1":0},"b":{"0":[0,0]},"_coverageSchema":"43e27e138ebf9cfc5966b082cf9a028302ed4184","hash":"f282908521a538c5b0165729a9774a556b1bb2a7"}
,"C:\\Sahil\\NC_State\\Fall_21\\SE\\pull 4-12-shamko\\FE\\CSC510_Group25_Project1\\src\\components\\Login.js": {"path":"C:\\Sahil\\NC_State\\Fall_21\\SE\\pull 4-12-shamko\\FE\\CSC510_Group25_Project1\\src\\components\\Login.js","statementMap":{"0":{"start":{"line":12,"column":4},"end":{"line":12,"column":17}},"1":{"start":{"line":16,"column":4},"end":{"line":20,"column":6}},"2":{"start":{"line":24,"column":4},"end":{"line":24,"column":41}},"3":{"start":{"line":28,"column":22},"end":{"line":32,"column":3}},"4":{"start":{"line":29,"column":4},"end":{"line":31,"column":7}},"5":{"start":{"line":34,"column":25},"end":{"line":38,"column":3}},"6":{"start":{"line":35,"column":4},"end":{"line":37,"column":7}},"7":{"start":{"line":40,"column":21},"end":{"line":50,"column":3}},"8":{"start":{"line":41,"column":4},"end":{"line":41,"column":23}},"9":{"start":{"line":44,"column":4},"end":{"line":44,"column":28}},"10":{"start":{"line":45,"column":32},"end":{"line":45,"column":42}},"11":{"start":{"line":47,"column":4},"end":{"line":49,"column":5}},"12":{"start":{"line":48,"column":6},"end":{"line":48,"column":50}},"13":{"start":{"line":53,"column":19},"end":{"line":57,"column":1}},"14":{"start":{"line":54,"column":2},"end":{"line":54,"column":24}},"15":{"start":{"line":55,"column":2},"end":{"line":55,"column":35}},"16":{"start":{"line":56,"column":2},"end":{"line":56,"column":84}},"17":{"start":{"line":63,"column":44},"end":{"line":63,"column":59}},"18":{"start":{"line":64,"column":19},"end":{"line":64,"column":71}},"19":{"start":{"line":66,"column":4},"end":{"line":68,"column":5}},"20":{"start":{"line":67,"column":6},"end":{"line":67,"column":35}},"21":{"start":{"line":70,"column":4},"end":{"line":115,"column":6}},"22":{"start":{"line":120,"column":2},"end":{"line":122,"column":4}}},"fnMap":{"0":{"name":"(anonymous_0)","decl":{"start":{"line":11,"column":2},"end":{"line":11,"column":3}},"loc":{"start":{"line":11,"column":21},"end":{"line":21,"column":3}},"line":11},"1":{"name":"(anonymous_1)","decl":{"start":{"line":23,"column":2},"end":{"line":23,"column":3}},"loc":{"start":{"line":23,"column":25},"end":{"line":25,"column":3}},"line":23},"2":{"name":"(anonymous_2)","decl":{"start":{"line":28,"column":22},"end":{"line":28,"column":23}},"loc":{"start":{"line":28,"column":29},"end":{"line":32,"column":3}},"line":28},"3":{"name":"(anonymous_3)","decl":{"start":{"line":34,"column":25},"end":{"line":34,"column":26}},"loc":{"start":{"line":34,"column":32},"end":{"line":38,"column":3}},"line":34},"4":{"name":"(anonymous_4)","decl":{"start":{"line":40,"column":21},"end":{"line":40,"column":22}},"loc":{"start":{"line":40,"column":28},"end":{"line":50,"column":3}},"line":40},"5":{"name":"(anonymous_5)","decl":{"start":{"line":53,"column":19},"end":{"line":53,"column":20}},"loc":{"start":{"line":53,"column":31},"end":{"line":57,"column":1}},"line":53},"6":{"name":"(anonymous_6)","decl":{"start":{"line":61,"column":2},"end":{"line":61,"column":3}},"loc":{"start":{"line":61,"column":11},"end":{"line":116,"column":3}},"line":61},"7":{"name":"mapStateToProps","decl":{"start":{"line":119,"column":9},"end":{"line":119,"column":24}},"loc":{"start":{"line":119,"column":32},"end":{"line":123,"column":1}},"line":119}},"branchMap":{"0":{"loc":{"start":{"line":47,"column":4},"end":{"line":49,"column":5}},"type":"if","locations":[{"start":{"line":47,"column":4},"end":{"line":49,"column":5}},{"start":{"line":47,"column":4},"end":{"line":49,"column":5}}],"line":47},"1":{"loc":{"start":{"line":47,"column":8},"end":{"line":47,"column":25}},"type":"binary-expr","locations":[{"start":{"line":47,"column":8},"end":{"line":47,"column":13}},{"start":{"line":47,"column":17},"end":{"line":47,"column":25}}],"line":47},"2":{"loc":{"start":{"line":64,"column":19},"end":{"line":64,"column":71}},"type":"binary-expr","locations":[{"start":{"line":64,"column":19},"end":{"line":64,"column":44}},{"start":{"line":64,"column":48},"end":{"line":64,"column":71}}],"line":64},"3":{"loc":{"start":{"line":66,"column":4},"end":{"line":68,"column":5}},"type":"if","locations":[{"start":{"line":66,"column":4},"end":{"line":68,"column":5}},{"start":{"line":66,"column":4},"end":{"line":68,"column":5}}],"line":66},"4":{"loc":{"start":{"line":74,"column":9},"end":{"line":74,"column":67}},"type":"binary-expr","locations":[{"start":{"line":74,"column":9},"end":{"line":74,"column":14}},{"start":{"line":74,"column":18},"end":{"line":74,"column":67}}],"line":74},"5":{"loc":{"start":{"line":96,"column":11},"end":{"line":98,"column":87}},"type":"cond-expr","locations":[{"start":{"line":97,"column":10},"end":{"line":97,"column":94}},{"start":{"line":98,"column":10},"end":{"line":98,"column":87}}],"line":96}},"s":{"0":1,"1":1,"2":0,"3":1,"4":0,"5":1,"6":0,"7":1,"8":0,"9":0,"10":0,"11":0,"12":0,"13":1,"14":0,"15":0,"16":0,"17":1,"18":1,"19":1,"20":0,"21":1,"22":1},"f":{"0":1,"1":0,"2":0,"3":0,"4":0,"5":0,"6":1,"7":1},"b":{"0":[0,0],"1":[0,0],"2":[1,0],"3":[0,1],"4":[1,0],"5":[0,1]},"_coverageSchema":"43e27e138ebf9cfc5966b082cf9a028302ed4184","hash":"25f4f81a7e06b5495acb3d8ccb4b36e82b75bd39"}
,"C:\\Sahil\\NC_State\\Fall_21\\SE\\pull 4-12-shamko\\FE\\CSC510_Group25_Project1\\src\\components\\Menu.js": {"path":"C:\\Sahil\\NC_State\\Fall_21\\SE\\pull 4-12-shamko\\FE\\CSC510_Group25_Project1\\src\\components\\Menu.js","statementMap":{"0":{"start":{"line":18,"column":8},"end":{"line":18,"column":21}},"1":{"start":{"line":20,"column":8},"end":{"line":28,"column":10}},"2":{"start":{"line":32,"column":19},"end":{"line":38,"column":7}},"3":{"start":{"line":33,"column":27},"end":{"line":33,"column":41}},"4":{"start":{"line":34,"column":8},"end":{"line":34,"column":31}},"5":{"start":{"line":36,"column":8},"end":{"line":36,"column":53}},"6":{"start":{"line":39,"column":20},"end":{"line":53,"column":7}},"7":{"start":{"line":41,"column":87},"end":{"line":41,"column":97}},"8":{"start":{"line":43,"column":23},"end":{"line":43,"column":38}},"9":{"start":{"line":44,"column":22},"end":{"line":44,"column":32}},"10":{"start":{"line":45,"column":8},"end":{"line":45,"column":29}},"11":{"start":{"line":48,"column":8},"end":{"line":48,"column":56}},"12":{"start":{"line":57,"column":18},"end":{"line":61,"column":5}},"13":{"start":{"line":58,"column":8},"end":{"line":58,"column":49}},"14":{"start":{"line":59,"column":8},"end":{"line":59,"column":30}},"15":{"start":{"line":63,"column":24},"end":{"line":71,"column":7}},"16":{"start":{"line":65,"column":8},"end":{"line":67,"column":10}},"17":{"start":{"line":74,"column":15},"end":{"line":90,"column":3}},"18":{"start":{"line":76,"column":57},"end":{"line":76,"column":67}},"19":{"start":{"line":78,"column":19},"end":{"line":78,"column":34}},"20":{"start":{"line":80,"column":4},"end":{"line":83,"column":6}},"21":{"start":{"line":85,"column":4},"end":{"line":85,"column":86}},"22":{"start":{"line":93,"column":4},"end":{"line":93,"column":37}},"23":{"start":{"line":101,"column":22},"end":{"line":101,"column":37}},"24":{"start":{"line":103,"column":21},"end":{"line":103,"column":31}},"25":{"start":{"line":106,"column":8},"end":{"line":164,"column":10}},"26":{"start":{"line":121,"column":29},"end":{"line":121,"column":79}},"27":{"start":{"line":130,"column":29},"end":{"line":130,"column":79}},"28":{"start":{"line":139,"column":29},"end":{"line":139,"column":79}},"29":{"start":{"line":157,"column":10},"end":{"line":157,"column":30}},"30":{"start":{"line":171,"column":4},"end":{"line":176,"column":6}}},"fnMap":{"0":{"name":"(anonymous_0)","decl":{"start":{"line":17,"column":4},"end":{"line":17,"column":5}},"loc":{"start":{"line":17,"column":23},"end":{"line":29,"column":7}},"line":17},"1":{"name":"(anonymous_1)","decl":{"start":{"line":32,"column":19},"end":{"line":32,"column":20}},"loc":{"start":{"line":32,"column":26},"end":{"line":38,"column":7}},"line":32},"2":{"name":"(anonymous_2)","decl":{"start":{"line":39,"column":20},"end":{"line":39,"column":21}},"loc":{"start":{"line":39,"column":26},"end":{"line":53,"column":7}},"line":39},"3":{"name":"(anonymous_3)","decl":{"start":{"line":57,"column":18},"end":{"line":57,"column":19}},"loc":{"start":{"line":57,"column":24},"end":{"line":61,"column":5}},"line":57},"4":{"name":"(anonymous_4)","decl":{"start":{"line":63,"column":24},"end":{"line":63,"column":25}},"loc":{"start":{"line":63,"column":43},"end":{"line":71,"column":7}},"line":63},"5":{"name":"(anonymous_5)","decl":{"start":{"line":74,"column":15},"end":{"line":74,"column":16}},"loc":{"start":{"line":74,"column":21},"end":{"line":90,"column":3}},"line":74},"6":{"name":"(anonymous_6)","decl":{"start":{"line":92,"column":2},"end":{"line":92,"column":3}},"loc":{"start":{"line":92,"column":22},"end":{"line":94,"column":3}},"line":92},"7":{"name":"(anonymous_7)","decl":{"start":{"line":99,"column":4},"end":{"line":99,"column":5}},"loc":{"start":{"line":99,"column":13},"end":{"line":165,"column":5}},"line":99},"8":{"name":"(anonymous_8)","decl":{"start":{"line":121,"column":22},"end":{"line":121,"column":23}},"loc":{"start":{"line":121,"column":29},"end":{"line":121,"column":79}},"line":121},"9":{"name":"(anonymous_9)","decl":{"start":{"line":130,"column":22},"end":{"line":130,"column":23}},"loc":{"start":{"line":130,"column":29},"end":{"line":130,"column":79}},"line":130},"10":{"name":"(anonymous_10)","decl":{"start":{"line":139,"column":22},"end":{"line":139,"column":23}},"loc":{"start":{"line":139,"column":29},"end":{"line":139,"column":79}},"line":139},"11":{"name":"(anonymous_11)","decl":{"start":{"line":156,"column":18},"end":{"line":156,"column":19}},"loc":{"start":{"line":157,"column":10},"end":{"line":157,"column":30}},"line":157},"12":{"name":"mapStateToProps","decl":{"start":{"line":170,"column":9},"end":{"line":170,"column":24}},"loc":{"start":{"line":170,"column":32},"end":{"line":177,"column":3}},"line":170}},"branchMap":{"0":{"loc":{"start":{"line":111,"column":13},"end":{"line":111,"column":71}},"type":"binary-expr","locations":[{"start":{"line":111,"column":13},"end":{"line":111,"column":18}},{"start":{"line":111,"column":22},"end":{"line":111,"column":71}}],"line":111}},"s":{"0":0,"1":0,"2":0,"3":0,"4":0,"5":0,"6":0,"7":0,"8":0,"9":0,"10":0,"11":0,"12":0,"13":0,"14":0,"15":0,"16":0,"17":0,"18":0,"19":0,"20":0,"21":0,"22":0,"23":0,"24":0,"25":0,"26":0,"27":0,"28":0,"29":0,"30":0},"f":{"0":0,"1":0,"2":0,"3":0,"4":0,"5":0,"6":0,"7":0,"8":0,"9":0,"10":0,"11":0,"12":0},"b":{"0":[0,0]},"_coverageSchema":"43e27e138ebf9cfc5966b082cf9a028302ed4184","hash":"41b3fbd16e796a80a5755b142f3bfac9597ea6c2"}
,"C:\\Sahil\\NC_State\\Fall_21\\SE\\pull 4-12-shamko\\FE\\CSC510_Group25_Project1\\src\\components\\Navbar.js": {"path":"C:\\Sahil\\NC_State\\Fall_21\\SE\\pull 4-12-shamko\\FE\\CSC510_Group25_Project1\\src\\components\\Navbar.js","statementMap":{"0":{"start":{"line":18,"column":11},"end":{"line":21,"column":3}},"1":{"start":{"line":19,"column":4},"end":{"line":19,"column":37}},"2":{"start":{"line":20,"column":4},"end":{"line":20,"column":38}},"3":{"start":{"line":23,"column":17},"end":{"line":27,"column":3}},"4":{"start":{"line":24,"column":23},"end":{"line":24,"column":37}},"5":{"start":{"line":26,"column":4},"end":{"line":26,"column":49}},"6":{"start":{"line":30,"column":21},"end":{"line":30,"column":31}},"7":{"start":{"line":31,"column":21},"end":{"line":31,"column":36}},"8":{"start":{"line":33,"column":4},"end":{"line":160,"column":6}},"9":{"start":{"line":166,"column":2},"end":{"line":169,"column":4}}},"fnMap":{"0":{"name":"(anonymous_0)","decl":{"start":{"line":18,"column":11},"end":{"line":18,"column":12}},"loc":{"start":{"line":18,"column":17},"end":{"line":21,"column":3}},"line":18},"1":{"name":"(anonymous_1)","decl":{"start":{"line":23,"column":17},"end":{"line":23,"column":18}},"loc":{"start":{"line":23,"column":24},"end":{"line":27,"column":3}},"line":23},"2":{"name":"(anonymous_2)","decl":{"start":{"line":29,"column":2},"end":{"line":29,"column":3}},"loc":{"start":{"line":29,"column":11},"end":{"line":161,"column":3}},"line":29},"3":{"name":"mapStateToProps","decl":{"start":{"line":165,"column":9},"end":{"line":165,"column":24}},"loc":{"start":{"line":165,"column":32},"end":{"line":170,"column":1}},"line":165}},"branchMap":{"0":{"loc":{"start":{"line":50,"column":9},"end":{"line":86,"column":9}},"type":"binary-expr","locations":[{"start":{"line":50,"column":9},"end":{"line":50,"column":24}},{"start":{"line":51,"column":10},"end":{"line":85,"column":16}}],"line":50},"1":{"loc":{"start":{"line":89,"column":13},"end":{"line":110,"column":13}},"type":"binary-expr","locations":[{"start":{"line":89,"column":13},"end":{"line":89,"column":28}},{"start":{"line":90,"column":14},"end":{"line":109,"column":20}}],"line":89},"2":{"loc":{"start":{"line":114,"column":17},"end":{"line":127,"column":17}},"type":"binary-expr","locations":[{"start":{"line":114,"column":17},"end":{"line":114,"column":33}},{"start":{"line":115,"column":18},"end":{"line":126,"column":23}}],"line":114},"3":{"loc":{"start":{"line":129,"column":17},"end":{"line":140,"column":17}},"type":"binary-expr","locations":[{"start":{"line":129,"column":17},"end":{"line":129,"column":32}},{"start":{"line":130,"column":18},"end":{"line":139,"column":23}}],"line":129},"4":{"loc":{"start":{"line":141,"column":17},"end":{"line":154,"column":17}},"type":"binary-expr","locations":[{"start":{"line":141,"column":17},"end":{"line":141,"column":33}},{"start":{"line":142,"column":18},"end":{"line":153,"column":23}}],"line":141}},"s":{"0":1,"1":0,"2":0,"3":1,"4":0,"5":0,"6":1,"7":1,"8":1,"9":1},"f":{"0":0,"1":0,"2":1,"3":1},"b":{"0":[1,0],"1":[1,0],"2":[1,1],"3":[1,0],"4":[1,1]},"_coverageSchema":"43e27e138ebf9cfc5966b082cf9a028302ed4184","hash":"d054f91cbb767743a08d0c15397a860881c643dc"}
,"C:\\Sahil\\NC_State\\Fall_21\\SE\\pull 4-12-shamko\\FE\\CSC510_Group25_Project1\\src\\components\\Notification.js": {"path":"C:\\Sahil\\NC_State\\Fall_21\\SE\\pull 4-12-shamko\\FE\\CSC510_Group25_Project1\\src\\components\\Notification.js","statementMap":{"0":{"start":{"line":18,"column":18},"end":{"line":36,"column":4}},"1":{"start":{"line":42,"column":8},"end":{"line":42,"column":21}},"2":{"start":{"line":44,"column":8},"end":{"line":53,"column":10}},"3":{"start":{"line":57,"column":19},"end":{"line":63,"column":7}},"4":{"start":{"line":58,"column":27},"end":{"line":58,"column":41}},"5":{"start":{"line":59,"column":8},"end":{"line":59,"column":31}},"6":{"start":{"line":61,"column":8},"end":{"line":61,"column":53}},"7":{"start":{"line":67,"column":18},"end":{"line":71,"column":5}},"8":{"start":{"line":68,"column":8},"end":{"line":68,"column":49}},"9":{"start":{"line":69,"column":8},"end":{"line":69,"column":30}},"10":{"start":{"line":73,"column":24},"end":{"line":79,"column":7}},"11":{"start":{"line":75,"column":8},"end":{"line":77,"column":10}},"12":{"start":{"line":82,"column":15},"end":{"line":99,"column":3}},"13":{"start":{"line":84,"column":83},"end":{"line":84,"column":93}},"14":{"start":{"line":86,"column":19},"end":{"line":86,"column":34}},"15":{"start":{"line":87,"column":18},"end":{"line":87,"column":28}},"16":{"start":{"line":88,"column":4},"end":{"line":88,"column":25}},"17":{"start":{"line":91,"column":4},"end":{"line":91,"column":52}},"18":{"start":{"line":93,"column":4},"end":{"line":95,"column":6}},"19":{"start":{"line":102,"column":4},"end":{"line":102,"column":37}},"20":{"start":{"line":110,"column":22},"end":{"line":110,"column":37}},"21":{"start":{"line":111,"column":21},"end":{"line":111,"column":36}},"22":{"start":{"line":112,"column":20},"end":{"line":112,"column":30}},"23":{"start":{"line":114,"column":16},"end":{"line":114,"column":65}},"24":{"start":{"line":115,"column":18},"end":{"line":115,"column":32}},"25":{"start":{"line":117,"column":8},"end":{"line":197,"column":10}},"26":{"start":{"line":132,"column":25},"end":{"line":132,"column":51}},"27":{"start":{"line":133,"column":12},"end":{"line":133,"column":46}},"28":{"start":{"line":134,"column":12},"end":{"line":134,"column":40}},"29":{"start":{"line":135,"column":12},"end":{"line":153,"column":23}},"30":{"start":{"line":137,"column":14},"end":{"line":153,"column":21}},"31":{"start":{"line":160,"column":12},"end":{"line":177,"column":23}},"32":{"start":{"line":161,"column":16},"end":{"line":177,"column":22}},"33":{"start":{"line":162,"column":14},"end":{"line":177,"column":21}},"34":{"start":{"line":204,"column":4},"end":{"line":208,"column":6}}},"fnMap":{"0":{"name":"(anonymous_0)","decl":{"start":{"line":41,"column":4},"end":{"line":41,"column":5}},"loc":{"start":{"line":41,"column":23},"end":{"line":54,"column":7}},"line":41},"1":{"name":"(anonymous_1)","decl":{"start":{"line":57,"column":19},"end":{"line":57,"column":20}},"loc":{"start":{"line":57,"column":26},"end":{"line":63,"column":7}},"line":57},"2":{"name":"(anonymous_2)","decl":{"start":{"line":67,"column":18},"end":{"line":67,"column":19}},"loc":{"start":{"line":67,"column":24},"end":{"line":71,"column":5}},"line":67},"3":{"name":"(anonymous_3)","decl":{"start":{"line":73,"column":24},"end":{"line":73,"column":25}},"loc":{"start":{"line":73,"column":43},"end":{"line":79,"column":7}},"line":73},"4":{"name":"(anonymous_4)","decl":{"start":{"line":82,"column":15},"end":{"line":82,"column":16}},"loc":{"start":{"line":82,"column":21},"end":{"line":99,"column":3}},"line":82},"5":{"name":"(anonymous_5)","decl":{"start":{"line":101,"column":2},"end":{"line":101,"column":3}},"loc":{"start":{"line":101,"column":22},"end":{"line":103,"column":3}},"line":101},"6":{"name":"(anonymous_6)","decl":{"start":{"line":108,"column":4},"end":{"line":108,"column":5}},"loc":{"start":{"line":108,"column":13},"end":{"line":198,"column":5}},"line":108},"7":{"name":"(anonymous_7)","decl":{"start":{"line":130,"column":20},"end":{"line":130,"column":21}},"loc":{"start":{"line":130,"column":27},"end":{"line":154,"column":13}},"line":130},"8":{"name":"(anonymous_8)","decl":{"start":{"line":159,"column":20},"end":{"line":159,"column":21}},"loc":{"start":{"line":159,"column":27},"end":{"line":178,"column":13}},"line":159},"9":{"name":"mapStateToProps","decl":{"start":{"line":203,"column":9},"end":{"line":203,"column":24}},"loc":{"start":{"line":203,"column":32},"end":{"line":209,"column":3}},"line":203}},"branchMap":{"0":{"loc":{"start":{"line":127,"column":6},"end":{"line":191,"column":14}},"type":"cond-expr","locations":[{"start":{"line":128,"column":8},"end":{"line":180,"column":14}},{"start":{"line":181,"column":8},"end":{"line":191,"column":14}}],"line":127},"1":{"loc":{"start":{"line":135,"column":12},"end":{"line":153,"column":23}},"type":"if","locations":[{"start":{"line":135,"column":12},"end":{"line":153,"column":23}},{"start":{"line":135,"column":12},"end":{"line":153,"column":23}}],"line":135},"2":{"loc":{"start":{"line":135,"column":16},"end":{"line":135,"column":141}},"type":"binary-expr","locations":[{"start":{"line":135,"column":16},"end":{"line":135,"column":56}},{"start":{"line":135,"column":60},"end":{"line":135,"column":101}},{"start":{"line":135,"column":105},"end":{"line":135,"column":141}}],"line":135},"3":{"loc":{"start":{"line":150,"column":40},"end":{"line":150,"column":76}},"type":"cond-expr","locations":[{"start":{"line":150,"column":59},"end":{"line":150,"column":67}},{"start":{"line":150,"column":70},"end":{"line":150,"column":76}}],"line":150},"4":{"loc":{"start":{"line":160,"column":12},"end":{"line":177,"column":23}},"type":"if","locations":[{"start":{"line":160,"column":12},"end":{"line":177,"column":23}},{"start":{"line":160,"column":12},"end":{"line":177,"column":23}}],"line":160},"5":{"loc":{"start":{"line":161,"column":16},"end":{"line":177,"column":22}},"type":"if","locations":[{"start":{"line":161,"column":16},"end":{"line":177,"column":22}},{"start":{"line":161,"column":16},"end":{"line":177,"column":22}}],"line":161},"6":{"loc":{"start":{"line":168,"column":45},"end":{"line":168,"column":79}},"type":"cond-expr","locations":[{"start":{"line":168,"column":64},"end":{"line":168,"column":71}},{"start":{"line":168,"column":74},"end":{"line":168,"column":79}}],"line":168}},"s":{"0":1,"1":0,"2":0,"3":0,"4":0,"5":0,"6":0,"7":0,"8":0,"9":0,"10":0,"11":0,"12":0,"13":0,"14":0,"15":0,"16":0,"17":0,"18":0,"19":0,"20":0,"21":0,"22":0,"23":0,"24":0,"25":0,"26":0,"27":0,"28":0,"29":0,"30":0,"31":0,"32":0,"33":0,"34":0},"f":{"0":0,"1":0,"2":0,"3":0,"4":0,"5":0,"6":0,"7":0,"8":0,"9":0},"b":{"0":[0,0],"1":[0,0],"2":[0,0,0],"3":[0,0],"4":[0,0],"5":[0,0],"6":[0,0]},"_coverageSchema":"43e27e138ebf9cfc5966b082cf9a028302ed4184","hash":"d85c9f7870337a0d3378a738f501bea085eefbca"}
,"C:\\Sahil\\NC_State\\Fall_21\\SE\\pull 4-12-shamko\\FE\\CSC510_Group25_Project1\\src\\components\\Page404.js": {"path":"C:\\Sahil\\NC_State\\Fall_21\\SE\\pull 4-12-shamko\\FE\\CSC510_Group25_Project1\\src\\components\\Page404.js","statementMap":{"0":{"start":{"line":4,"column":4},"end":{"line":9,"column":6}}},"fnMap":{"0":{"name":"Page404","decl":{"start":{"line":3,"column":9},"end":{"line":3,"column":16}},"loc":{"start":{"line":3,"column":24},"end":{"line":10,"column":1}},"line":3}},"branchMap":{},"s":{"0":1},"f":{"0":1},"b":{},"_coverageSchema":"43e27e138ebf9cfc5966b082cf9a028302ed4184","hash":"fa67c8eb4d5324cd16d750c0cd4be6ed00172672"}
,"C:\\Sahil\\NC_State\\Fall_21\\SE\\pull 4-12-shamko\\FE\\CSC510_Group25_Project1\\src\\components\\Settings.js": {"path":"C:\\Sahil\\NC_State\\Fall_21\\SE\\pull 4-12-shamko\\FE\\CSC510_Group25_Project1\\src\\components\\Settings.js","statementMap":{"0":{"start":{"line":9,"column":4},"end":{"line":9,"column":17}},"1":{"start":{"line":11,"column":4},"end":{"line":17,"column":6}},"2":{"start":{"line":20,"column":17},"end":{"line":26,"column":3}},"3":{"start":{"line":22,"column":4},"end":{"line":24,"column":6}},"4":{"start":{"line":28,"column":15},"end":{"line":36,"column":3}},"5":{"start":{"line":30,"column":46},"end":{"line":30,"column":56}},"6":{"start":{"line":32,"column":19},"end":{"line":32,"column":34}},"7":{"start":{"line":34,"column":4},"end":{"line":34,"column":73}},"8":{"start":{"line":39,"column":6},"end":{"line":39,"column":43}},"9":{"start":{"line":42,"column":27},"end":{"line":42,"column":42}},"10":{"start":{"line":43,"column":25},"end":{"line":43,"column":35}},"11":{"start":{"line":45,"column":4},"end":{"line":114,"column":6}},"12":{"start":{"line":72,"column":31},"end":{"line":72,"column":71}},"13":{"start":{"line":85,"column":31},"end":{"line":85,"column":75}},"14":{"start":{"line":96,"column":31},"end":{"line":96,"column":82}},"15":{"start":{"line":106,"column":63},"end":{"line":106,"column":97}},"16":{"start":{"line":109,"column":61},"end":{"line":109,"column":96}},"17":{"start":{"line":119,"column":2},"end":{"line":121,"column":4}}},"fnMap":{"0":{"name":"(anonymous_0)","decl":{"start":{"line":8,"column":2},"end":{"line":8,"column":3}},"loc":{"start":{"line":8,"column":21},"end":{"line":18,"column":3}},"line":8},"1":{"name":"(anonymous_1)","decl":{"start":{"line":20,"column":17},"end":{"line":20,"column":18}},"loc":{"start":{"line":20,"column":36},"end":{"line":26,"column":3}},"line":20},"2":{"name":"(anonymous_2)","decl":{"start":{"line":28,"column":15},"end":{"line":28,"column":16}},"loc":{"start":{"line":28,"column":21},"end":{"line":36,"column":3}},"line":28},"3":{"name":"(anonymous_3)","decl":{"start":{"line":38,"column":2},"end":{"line":38,"column":3}},"loc":{"start":{"line":38,"column":24},"end":{"line":40,"column":3}},"line":38},"4":{"name":"(anonymous_4)","decl":{"start":{"line":41,"column":2},"end":{"line":41,"column":3}},"loc":{"start":{"line":41,"column":11},"end":{"line":115,"column":3}},"line":41},"5":{"name":"(anonymous_5)","decl":{"start":{"line":72,"column":24},"end":{"line":72,"column":25}},"loc":{"start":{"line":72,"column":31},"end":{"line":72,"column":71}},"line":72},"6":{"name":"(anonymous_6)","decl":{"start":{"line":85,"column":24},"end":{"line":85,"column":25}},"loc":{"start":{"line":85,"column":31},"end":{"line":85,"column":75}},"line":85},"7":{"name":"(anonymous_7)","decl":{"start":{"line":96,"column":24},"end":{"line":96,"column":25}},"loc":{"start":{"line":96,"column":31},"end":{"line":96,"column":82}},"line":96},"8":{"name":"(anonymous_8)","decl":{"start":{"line":106,"column":57},"end":{"line":106,"column":58}},"loc":{"start":{"line":106,"column":63},"end":{"line":106,"column":97}},"line":106},"9":{"name":"(anonymous_9)","decl":{"start":{"line":109,"column":55},"end":{"line":109,"column":56}},"loc":{"start":{"line":109,"column":61},"end":{"line":109,"column":96}},"line":109},"10":{"name":"mapStateToProps","decl":{"start":{"line":118,"column":9},"end":{"line":118,"column":24}},"loc":{"start":{"line":118,"column":35},"end":{"line":122,"column":1}},"line":118}},"branchMap":{"0":{"loc":{"start":{"line":54,"column":9},"end":{"line":54,"column":67}},"type":"binary-expr","locations":[{"start":{"line":54,"column":9},"end":{"line":54,"column":14}},{"start":{"line":54,"column":18},"end":{"line":54,"column":67}}],"line":54},"1":{"loc":{"start":{"line":55,"column":9},"end":{"line":55,"column":99}},"type":"binary-expr","locations":[{"start":{"line":55,"column":9},"end":{"line":55,"column":23}},{"start":{"line":55,"column":27},"end":{"line":55,"column":99}}],"line":55},"2":{"loc":{"start":{"line":69,"column":11},"end":{"line":77,"column":11}},"type":"cond-expr","locations":[{"start":{"line":70,"column":12},"end":{"line":74,"column":14}},{"start":{"line":76,"column":12},"end":{"line":76,"column":58}}],"line":69},"3":{"loc":{"start":{"line":80,"column":9},"end":{"line":89,"column":9}},"type":"binary-expr","locations":[{"start":{"line":80,"column":9},"end":{"line":80,"column":17}},{"start":{"line":81,"column":10},"end":{"line":88,"column":16}}],"line":80},"4":{"loc":{"start":{"line":91,"column":9},"end":{"line":100,"column":9}},"type":"binary-expr","locations":[{"start":{"line":91,"column":9},"end":{"line":91,"column":17}},{"start":{"line":92,"column":10},"end":{"line":99,"column":16}}],"line":91},"5":{"loc":{"start":{"line":105,"column":13},"end":{"line":106,"column":120}},"type":"cond-expr","locations":[{"start":{"line":105,"column":24},"end":{"line":105,"column":100}},{"start":{"line":106,"column":12},"end":{"line":106,"column":120}}],"line":105},"6":{"loc":{"start":{"line":109,"column":9},"end":{"line":110,"column":25}},"type":"binary-expr","locations":[{"start":{"line":109,"column":9},"end":{"line":109,"column":17}},{"start":{"line":109,"column":21},"end":{"line":110,"column":25}}],"line":109}},"s":{"0":1,"1":1,"2":1,"3":0,"4":1,"5":0,"6":0,"7":0,"8":0,"9":1,"10":1,"11":1,"12":0,"13":0,"14":0,"15":0,"16":0,"17":1},"f":{"0":1,"1":0,"2":0,"3":0,"4":1,"5":0,"6":0,"7":0,"8":0,"9":0,"10":1},"b":{"0":[1,0],"1":[1,0],"2":[0,1],"3":[1,0],"4":[1,0],"5":[0,1],"6":[1,0]},"_coverageSchema":"43e27e138ebf9cfc5966b082cf9a028302ed4184","hash":"ee81668a141f79086660ef76a580df672e2fde7e"}
,"C:\\Sahil\\NC_State\\Fall_21\\SE\\pull 4-12-shamko\\FE\\CSC510_Group25_Project1\\src\\components\\Signup.js": {"path":"C:\\Sahil\\NC_State\\Fall_21\\SE\\pull 4-12-shamko\\FE\\CSC510_Group25_Project1\\src\\components\\Signup.js","statementMap":{"0":{"start":{"line":10,"column":4},"end":{"line":10,"column":17}},"1":{"start":{"line":11,"column":4},"end":{"line":17,"column":6}},"2":{"start":{"line":21,"column":4},"end":{"line":21,"column":41}},"3":{"start":{"line":26,"column":22},"end":{"line":30,"column":3}},"4":{"start":{"line":27,"column":4},"end":{"line":29,"column":7}},"5":{"start":{"line":32,"column":17},"end":{"line":40,"column":3}},"6":{"start":{"line":33,"column":4},"end":{"line":33,"column":23}},"7":{"start":{"line":34,"column":65},"end":{"line":34,"column":75}},"8":{"start":{"line":36,"column":4},"end":{"line":39,"column":5}},"9":{"start":{"line":37,"column":6},"end":{"line":37,"column":41}},"10":{"start":{"line":38,"column":6},"end":{"line":38,"column":84}},"11":{"start":{"line":42,"column":19},"end":{"line":47,"column":3}},"12":{"start":{"line":43,"column":4},"end":{"line":43,"column":26}},"13":{"start":{"line":44,"column":4},"end":{"line":44,"column":37}},"14":{"start":{"line":46,"column":4},"end":{"line":46,"column":146}},"15":{"start":{"line":53,"column":45},"end":{"line":53,"column":60}},"16":{"start":{"line":55,"column":4},"end":{"line":57,"column":5}},"17":{"start":{"line":56,"column":6},"end":{"line":56,"column":32}},"18":{"start":{"line":58,"column":4},"end":{"line":126,"column":6}},"19":{"start":{"line":68,"column":29},"end":{"line":68,"column":75}},"20":{"start":{"line":76,"column":29},"end":{"line":76,"column":76}},"21":{"start":{"line":84,"column":29},"end":{"line":84,"column":79}},"22":{"start":{"line":93,"column":14},"end":{"line":93,"column":71}},"23":{"start":{"line":102,"column":29},"end":{"line":102,"column":79}},"24":{"start":{"line":130,"column":24},"end":{"line":132,"column":2}},"25":{"start":{"line":130,"column":39},"end":{"line":132,"column":1}}},"fnMap":{"0":{"name":"(anonymous_0)","decl":{"start":{"line":9,"column":2},"end":{"line":9,"column":3}},"loc":{"start":{"line":9,"column":21},"end":{"line":18,"column":3}},"line":9},"1":{"name":"(anonymous_1)","decl":{"start":{"line":20,"column":2},"end":{"line":20,"column":3}},"loc":{"start":{"line":20,"column":25},"end":{"line":22,"column":3}},"line":20},"2":{"name":"(anonymous_2)","decl":{"start":{"line":26,"column":22},"end":{"line":26,"column":23}},"loc":{"start":{"line":26,"column":40},"end":{"line":30,"column":3}},"line":26},"3":{"name":"(anonymous_3)","decl":{"start":{"line":32,"column":17},"end":{"line":32,"column":18}},"loc":{"start":{"line":32,"column":24},"end":{"line":40,"column":3}},"line":32},"4":{"name":"(anonymous_4)","decl":{"start":{"line":42,"column":19},"end":{"line":42,"column":20}},"loc":{"start":{"line":42,"column":31},"end":{"line":47,"column":3}},"line":42},"5":{"name":"(anonymous_5)","decl":{"start":{"line":51,"column":2},"end":{"line":51,"column":3}},"loc":{"start":{"line":51,"column":11},"end":{"line":127,"column":3}},"line":51},"6":{"name":"(anonymous_6)","decl":{"start":{"line":68,"column":22},"end":{"line":68,"column":23}},"loc":{"start":{"line":68,"column":29},"end":{"line":68,"column":75}},"line":68},"7":{"name":"(anonymous_7)","decl":{"start":{"line":76,"column":22},"end":{"line":76,"column":23}},"loc":{"start":{"line":76,"column":29},"end":{"line":76,"column":76}},"line":76},"8":{"name":"(anonymous_8)","decl":{"start":{"line":84,"column":22},"end":{"line":84,"column":23}},"loc":{"start":{"line":84,"column":29},"end":{"line":84,"column":79}},"line":84},"9":{"name":"(anonymous_9)","decl":{"start":{"line":92,"column":22},"end":{"line":92,"column":23}},"loc":{"start":{"line":93,"column":14},"end":{"line":93,"column":71}},"line":93},"10":{"name":"(anonymous_10)","decl":{"start":{"line":102,"column":22},"end":{"line":102,"column":23}},"loc":{"start":{"line":102,"column":29},"end":{"line":102,"column":79}},"line":102},"11":{"name":"(anonymous_11)","decl":{"start":{"line":130,"column":24},"end":{"line":130,"column":25}},"loc":{"start":{"line":130,"column":39},"end":{"line":132,"column":1}},"line":130}},"branchMap":{"0":{"loc":{"start":{"line":36,"column":4},"end":{"line":39,"column":5}},"type":"if","locations":[{"start":{"line":36,"column":4},"end":{"line":39,"column":5}},{"start":{"line":36,"column":4},"end":{"line":39,"column":5}}],"line":36},"1":{"loc":{"start":{"line":36,"column":8},"end":{"line":36,"column":64}},"type":"binary-expr","locations":[{"start":{"line":36,"column":8},"end":{"line":36,"column":13}},{"start":{"line":36,"column":17},"end":{"line":36,"column":25}},{"start":{"line":36,"column":29},"end":{"line":36,"column":44}},{"start":{"line":36,"column":48},"end":{"line":36,"column":52}},{"start":{"line":36,"column":56},"end":{"line":36,"column":64}}],"line":36},"2":{"loc":{"start":{"line":55,"column":4},"end":{"line":57,"column":5}},"type":"if","locations":[{"start":{"line":55,"column":4},"end":{"line":57,"column":5}},{"start":{"line":55,"column":4},"end":{"line":57,"column":5}}],"line":55},"3":{"loc":{"start":{"line":62,"column":9},"end":{"line":62,"column":67}},"type":"binary-expr","locations":[{"start":{"line":62,"column":9},"end":{"line":62,"column":14}},{"start":{"line":62,"column":18},"end":{"line":62,"column":67}}],"line":62}},"s":{"0":1,"1":1,"2":0,"3":1,"4":0,"5":1,"6":0,"7":0,"8":0,"9":0,"10":0,"11":1,"12":0,"13":0,"14":0,"15":1,"16":1,"17":0,"18":1,"19":0,"20":0,"21":0,"22":0,"23":0,"24":2,"25":1},"f":{"0":1,"1":0,"2":0,"3":0,"4":0,"5":1,"6":0,"7":0,"8":0,"9":0,"10":0,"11":1},"b":{"0":[0,0],"1":[0,0,0,0,0],"2":[0,1],"3":[1,0]},"_coverageSchema":"43e27e138ebf9cfc5966b082cf9a028302ed4184","hash":"5d3782b85fe1496588b826f208aec97c8489e96c"}
,"C:\\Sahil\\NC_State\\Fall_21\\SE\\pull 4-12-shamko\\FE\\CSC510_Group25_Project1\\src\\components\\Update.js": {"path":"C:\\Sahil\\NC_State\\Fall_21\\SE\\pull 4-12-shamko\\FE\\CSC510_Group25_Project1\\src\\components\\Update.js","statementMap":{"0":{"start":{"line":16,"column":8},"end":{"line":16,"column":21}},"1":{"start":{"line":18,"column":8},"end":{"line":27,"column":10}},"2":{"start":{"line":31,"column":19},"end":{"line":37,"column":7}},"3":{"start":{"line":32,"column":27},"end":{"line":32,"column":41}},"4":{"start":{"line":33,"column":8},"end":{"line":33,"column":31}},"5":{"start":{"line":35,"column":8},"end":{"line":35,"column":53}},"6":{"start":{"line":41,"column":18},"end":{"line":45,"column":5}},"7":{"start":{"line":42,"column":8},"end":{"line":42,"column":49}},"8":{"start":{"line":43,"column":8},"end":{"line":43,"column":30}},"9":{"start":{"line":47,"column":24},"end":{"line":53,"column":7}},"10":{"start":{"line":49,"column":8},"end":{"line":51,"column":10}},"11":{"start":{"line":56,"column":15},"end":{"line":77,"column":3}},"12":{"start":{"line":58,"column":83},"end":{"line":58,"column":93}},"13":{"start":{"line":60,"column":19},"end":{"line":60,"column":34}},"14":{"start":{"line":61,"column":18},"end":{"line":61,"column":28}},"15":{"start":{"line":62,"column":4},"end":{"line":62,"column":25}},"16":{"start":{"line":69,"column":4},"end":{"line":69,"column":52}},"17":{"start":{"line":71,"column":4},"end":{"line":73,"column":6}},"18":{"start":{"line":80,"column":4},"end":{"line":80,"column":37}},"19":{"start":{"line":88,"column":22},"end":{"line":88,"column":37}},"20":{"start":{"line":89,"column":21},"end":{"line":89,"column":36}},"21":{"start":{"line":90,"column":20},"end":{"line":90,"column":30}},"22":{"start":{"line":93,"column":8},"end":{"line":107,"column":10}},"23":{"start":{"line":99,"column":10},"end":{"line":99,"column":27}},"24":{"start":{"line":114,"column":4},"end":{"line":118,"column":6}}},"fnMap":{"0":{"name":"(anonymous_0)","decl":{"start":{"line":15,"column":4},"end":{"line":15,"column":5}},"loc":{"start":{"line":15,"column":23},"end":{"line":28,"column":7}},"line":15},"1":{"name":"(anonymous_1)","decl":{"start":{"line":31,"column":19},"end":{"line":31,"column":20}},"loc":{"start":{"line":31,"column":26},"end":{"line":37,"column":7}},"line":31},"2":{"name":"(anonymous_2)","decl":{"start":{"line":41,"column":18},"end":{"line":41,"column":19}},"loc":{"start":{"line":41,"column":24},"end":{"line":45,"column":5}},"line":41},"3":{"name":"(anonymous_3)","decl":{"start":{"line":47,"column":24},"end":{"line":47,"column":25}},"loc":{"start":{"line":47,"column":43},"end":{"line":53,"column":7}},"line":47},"4":{"name":"(anonymous_4)","decl":{"start":{"line":56,"column":15},"end":{"line":56,"column":16}},"loc":{"start":{"line":56,"column":21},"end":{"line":77,"column":3}},"line":56},"5":{"name":"(anonymous_5)","decl":{"start":{"line":79,"column":2},"end":{"line":79,"column":3}},"loc":{"start":{"line":79,"column":22},"end":{"line":81,"column":3}},"line":79},"6":{"name":"(anonymous_6)","decl":{"start":{"line":86,"column":4},"end":{"line":86,"column":5}},"loc":{"start":{"line":86,"column":13},"end":{"line":108,"column":5}},"line":86},"7":{"name":"(anonymous_7)","decl":{"start":{"line":98,"column":17},"end":{"line":98,"column":18}},"loc":{"start":{"line":99,"column":10},"end":{"line":99,"column":27}},"line":99},"8":{"name":"mapStateToProps","decl":{"start":{"line":113,"column":9},"end":{"line":113,"column":24}},"loc":{"start":{"line":113,"column":32},"end":{"line":119,"column":3}},"line":113}},"branchMap":{},"s":{"0":0,"1":0,"2":0,"3":0,"4":0,"5":0,"6":0,"7":0,"8":0,"9":0,"10":0,"11":0,"12":0,"13":0,"14":0,"15":0,"16":0,"17":0,"18":0,"19":0,"20":0,"21":0,"22":0,"23":0,"24":0},"f":{"0":0,"1":0,"2":0,"3":0,"4":0,"5":0,"6":0,"7":0,"8":0},"b":{},"_coverageSchema":"43e27e138ebf9cfc5966b082cf9a028302ed4184","hash":"a02a6ea20cff41d93f7949ff36605c5435c900a4"}
,"C:\\Sahil\\NC_State\\Fall_21\\SE\\pull 4-12-shamko\\FE\\CSC510_Group25_Project1\\src\\components\\UserApplication.js": {"path":"C:\\Sahil\\NC_State\\Fall_21\\SE\\pull 4-12-shamko\\FE\\CSC510_Group25_Project1\\src\\components\\UserApplication.js","statementMap":{},"fnMap":{},"branchMap":{},"s":{},"f":{},"b":{},"_coverageSchema":"43e27e138ebf9cfc5966b082cf9a028302ed4184","hash":"fd4bb85ec03aeed854f0352b6eadfa8c7c63332e"}
,"C:\\Sahil\\NC_State\\Fall_21\\SE\\pull 4-12-shamko\\FE\\CSC510_Group25_Project1\\src\\components\\Widgets.js": {"path":"C:\\Sahil\\NC_State\\Fall_21\\SE\\pull 4-12-shamko\\FE\\CSC510_Group25_Project1\\src\\components\\Widgets.js","statementMap":{},"fnMap":{},"branchMap":{},"s":{},"f":{},"b":{},"_coverageSchema":"43e27e138ebf9cfc5966b082cf9a028302ed4184","hash":"5fb6dc86474118e01be8d602018bb7d786d486ee"}
,"C:\\Sahil\\NC_State\\Fall_21\\SE\\pull 4-12-shamko\\FE\\CSC510_Group25_Project1\\src\\components\\index.js": {"path":"C:\\Sahil\\NC_State\\Fall_21\\SE\\pull 4-12-shamko\\FE\\CSC510_Group25_Project1\\src\\components\\index.js","statementMap":{},"fnMap":{},"branchMap":{},"s":{},"f":{},"b":{},"_coverageSchema":"43e27e138ebf9cfc5966b082cf9a028302ed4184","hash":"7e562dedcad26f071a9a5083cec4a1574d83a3a8"}
,"C:\\Sahil\\NC_State\\Fall_21\\SE\\pull 4-12-shamko\\FE\\CSC510_Group25_Project1\\src\\helpers\\urls.js": {"path":"C:\\Sahil\\NC_State\\Fall_21\\SE\\pull 4-12-shamko\\FE\\CSC510_Group25_Project1\\src\\helpers\\urls.js","statementMap":{"0":{"start":{"line":3,"column":17},"end":{"line":3,"column":47}},"1":{"start":{"line":6,"column":23},"end":{"line":21,"column":1}},"2":{"start":{"line":8,"column":17},"end":{"line":8,"column":51}},"3":{"start":{"line":9,"column":18},"end":{"line":9,"column":44}},"4":{"start":{"line":10,"column":21},"end":{"line":10,"column":41}},"5":{"start":{"line":11,"column":24},"end":{"line":11,"column":48}},"6":{"start":{"line":12,"column":21},"end":{"line":12,"column":49}},"7":{"start":{"line":14,"column":21},"end":{"line":14,"column":50}},"8":{"start":{"line":15,"column":22},"end":{"line":15,"column":52}},"9":{"start":{"line":17,"column":22},"end":{"line":17,"column":52}}},"fnMap":{"0":{"name":"(anonymous_0)","decl":{"start":{"line":8,"column":11},"end":{"line":8,"column":12}},"loc":{"start":{"line":8,"column":17},"end":{"line":8,"column":51}},"line":8},"1":{"name":"(anonymous_1)","decl":{"start":{"line":9,"column":12},"end":{"line":9,"column":13}},"loc":{"start":{"line":9,"column":18},"end":{"line":9,"column":44}},"line":9},"2":{"name":"(anonymous_2)","decl":{"start":{"line":10,"column":15},"end":{"line":10,"column":16}},"loc":{"start":{"line":10,"column":21},"end":{"line":10,"column":41}},"line":10},"3":{"name":"(anonymous_3)","decl":{"start":{"line":11,"column":18},"end":{"line":11,"column":19}},"loc":{"start":{"line":11,"column":24},"end":{"line":11,"column":48}},"line":11},"4":{"name":"(anonymous_4)","decl":{"start":{"line":12,"column":15},"end":{"line":12,"column":16}},"loc":{"start":{"line":12,"column":21},"end":{"line":12,"column":49}},"line":12},"5":{"name":"(anonymous_5)","decl":{"start":{"line":14,"column":15},"end":{"line":14,"column":16}},"loc":{"start":{"line":14,"column":21},"end":{"line":14,"column":50}},"line":14},"6":{"name":"(anonymous_6)","decl":{"start":{"line":15,"column":16},"end":{"line":15,"column":17}},"loc":{"start":{"line":15,"column":22},"end":{"line":15,"column":52}},"line":15},"7":{"name":"(anonymous_7)","decl":{"start":{"line":17,"column":16},"end":{"line":17,"column":17}},"loc":{"start":{"line":17,"column":22},"end":{"line":17,"column":52}},"line":17}},"branchMap":{},"s":{"0":7,"1":7,"2":0,"3":0,"4":2,"5":0,"6":0,"7":0,"8":0,"9":1},"f":{"0":0,"1":0,"2":2,"3":0,"4":0,"5":0,"6":0,"7":1},"b":{},"_coverageSchema":"43e27e138ebf9cfc5966b082cf9a028302ed4184","hash":"c09636033541d383050216ec0e7fc16acd936583"}
,"C:\\Sahil\\NC_State\\Fall_21\\SE\\pull 4-12-shamko\\FE\\CSC510_Group25_Project1\\src\\helpers\\utils.js": {"path":"C:\\Sahil\\NC_State\\Fall_21\\SE\\pull 4-12-shamko\\FE\\CSC510_Group25_Project1\\src\\helpers\\utils.js","statementMap":{"0":{"start":{"line":3,"column":19},"end":{"line":3,"column":21}},"1":{"start":{"line":5,"column":4},"end":{"line":11,"column":5}},"2":{"start":{"line":6,"column":25},"end":{"line":6,"column":53}},"3":{"start":{"line":7,"column":27},"end":{"line":7,"column":63}},"4":{"start":{"line":9,"column":8},"end":{"line":9,"column":55}},"5":{"start":{"line":13,"column":4},"end":{"line":13,"column":30}},"6":{"start":{"line":18,"column":4},"end":{"line":18,"column":41}}},"fnMap":{"0":{"name":"getFormBody","decl":{"start":{"line":1,"column":16},"end":{"line":1,"column":27}},"loc":{"start":{"line":1,"column":36},"end":{"line":15,"column":1}},"line":1},"1":{"name":"getAuthTokenFromLocalStorage","decl":{"start":{"line":17,"column":16},"end":{"line":17,"column":44}},"loc":{"start":{"line":17,"column":47},"end":{"line":19,"column":1}},"line":17}},"branchMap":{},"s":{"0":0,"1":0,"2":0,"3":0,"4":0,"5":0,"6":1},"f":{"0":0,"1":1},"b":{},"_coverageSchema":"43e27e138ebf9cfc5966b082cf9a028302ed4184","hash":"a49d35f0215942cb0796d37f3efe2d3b5eb2acc8"}
,"C:\\Sahil\\NC_State\\Fall_21\\SE\\pull 4-12-shamko\\FE\\CSC510_Group25_Project1\\src\\reducers\\application.js": {"path":"C:\\Sahil\\NC_State\\Fall_21\\SE\\pull 4-12-shamko\\FE\\CSC510_Group25_Project1\\src\\reducers\\application.js","statementMap":{"0":{"start":{"line":6,"column":2},"end":{"line":44,"column":3}},"1":{"start":{"line":8,"column":6},"end":{"line":8,"column":32}},"2":{"start":{"line":11,"column":6},"end":{"line":11,"column":44}},"3":{"start":{"line":14,"column":35},"end":{"line":23,"column":10}},"4":{"start":{"line":15,"column":12},"end":{"line":20,"column":13}},"5":{"start":{"line":16,"column":16},"end":{"line":19,"column":18}},"6":{"start":{"line":22,"column":12},"end":{"line":22,"column":30}},"7":{"start":{"line":25,"column":8},"end":{"line":25,"column":34}},"8":{"start":{"line":28,"column":40},"end":{"line":37,"column":14}},"9":{"start":{"line":29,"column":16},"end":{"line":34,"column":17}},"10":{"start":{"line":30,"column":20},"end":{"line":33,"column":22}},"11":{"start":{"line":36,"column":16},"end":{"line":36,"column":34}},"12":{"start":{"line":39,"column":12},"end":{"line":39,"column":39}},"13":{"start":{"line":43,"column":6},"end":{"line":43,"column":19}}},"fnMap":{"0":{"name":"application","decl":{"start":{"line":3,"column":24},"end":{"line":3,"column":35}},"loc":{"start":{"line":3,"column":56},"end":{"line":45,"column":1}},"line":3},"1":{"name":"(anonymous_1)","decl":{"start":{"line":14,"column":45},"end":{"line":14,"column":46}},"loc":{"start":{"line":14,"column":62},"end":{"line":23,"column":9}},"line":14},"2":{"name":"(anonymous_2)","decl":{"start":{"line":28,"column":50},"end":{"line":28,"column":51}},"loc":{"start":{"line":28,"column":67},"end":{"line":37,"column":13}},"line":28}},"branchMap":{"0":{"loc":{"start":{"line":3,"column":36},"end":{"line":3,"column":46}},"type":"default-arg","locations":[{"start":{"line":3,"column":44},"end":{"line":3,"column":46}}],"line":3},"1":{"loc":{"start":{"line":6,"column":2},"end":{"line":44,"column":3}},"type":"switch","locations":[{"start":{"line":7,"column":4},"end":{"line":8,"column":32}},{"start":{"line":10,"column":4},"end":{"line":11,"column":44}},{"start":{"line":13,"column":4},"end":{"line":25,"column":34}},{"start":{"line":27,"column":8},"end":{"line":39,"column":39}},{"start":{"line":42,"column":4},"end":{"line":43,"column":19}}],"line":6},"2":{"loc":{"start":{"line":15,"column":12},"end":{"line":20,"column":13}},"type":"if","locations":[{"start":{"line":15,"column":12},"end":{"line":20,"column":13}},{"start":{"line":15,"column":12},"end":{"line":20,"column":13}}],"line":15},"3":{"loc":{"start":{"line":29,"column":16},"end":{"line":34,"column":17}},"type":"if","locations":[{"start":{"line":29,"column":16},"end":{"line":34,"column":17}},{"start":{"line":29,"column":16},"end":{"line":34,"column":17}}],"line":29}},"s":{"0":33,"1":0,"2":0,"3":0,"4":0,"5":0,"6":0,"7":0,"8":0,"9":0,"10":0,"11":0,"12":0,"13":33},"f":{"0":33,"1":0,"2":0},"b":{"0":[33],"1":[0,0,0,0,33],"2":[0,0],"3":[0,0]},"_coverageSchema":"43e27e138ebf9cfc5966b082cf9a028302ed4184","hash":"bb64b17e99dc308f8c9e774a08bc1925cc55b032"}
,"C:\\Sahil\\NC_State\\Fall_21\\SE\\pull 4-12-shamko\\FE\\CSC510_Group25_Project1\\src\\reducers\\auth.js": {"path":"C:\\Sahil\\NC_State\\Fall_21\\SE\\pull 4-12-shamko\\FE\\CSC510_Group25_Project1\\src\\reducers\\auth.js","statementMap":{"0":{"start":{"line":4,"column":25},"end":{"line":9,"column":1}},"1":{"start":{"line":13,"column":2},"end":{"line":73,"column":3}},"2":{"start":{"line":15,"column":6},"end":{"line":18,"column":7}},"3":{"start":{"line":22,"column":6},"end":{"line":25,"column":8}},"4":{"start":{"line":29,"column":6},"end":{"line":35,"column":8}},"5":{"start":{"line":39,"column":6},"end":{"line":43,"column":8}},"6":{"start":{"line":46,"column":6},"end":{"line":50,"column":8}},"7":{"start":{"line":52,"column":6},"end":{"line":56,"column":8}},"8":{"start":{"line":59,"column":8},"end":{"line":63,"column":9}},"9":{"start":{"line":66,"column":8},"end":{"line":69,"column":9}},"10":{"start":{"line":72,"column":6},"end":{"line":72,"column":19}}},"fnMap":{"0":{"name":"auth","decl":{"start":{"line":11,"column":24},"end":{"line":11,"column":28}},"loc":{"start":{"line":11,"column":63},"end":{"line":74,"column":1}},"line":11}},"branchMap":{"0":{"loc":{"start":{"line":11,"column":29},"end":{"line":11,"column":53}},"type":"default-arg","locations":[{"start":{"line":11,"column":37},"end":{"line":11,"column":53}}],"line":11},"1":{"loc":{"start":{"line":13,"column":2},"end":{"line":73,"column":3}},"type":"switch","locations":[{"start":{"line":14,"column":4},"end":{"line":18,"column":7}},{"start":{"line":20,"column":4},"end":{"line":20,"column":21}},{"start":{"line":21,"column":4},"end":{"line":25,"column":8}},{"start":{"line":27,"column":4},"end":{"line":27,"column":23}},{"start":{"line":28,"column":4},"end":{"line":35,"column":8}},{"start":{"line":37,"column":4},"end":{"line":37,"column":22}},{"start":{"line":38,"column":4},"end":{"line":43,"column":8}},{"start":{"line":44,"column":4},"end":{"line":50,"column":8}},{"start":{"line":51,"column":4},"end":{"line":56,"column":8}},{"start":{"line":58,"column":6},"end":{"line":63,"column":9}},{"start":{"line":65,"column":6},"end":{"line":69,"column":9}},{"start":{"line":71,"column":4},"end":{"line":72,"column":19}}],"line":13}},"s":{"0":11,"1":33,"2":0,"3":0,"4":0,"5":0,"6":0,"7":0,"8":0,"9":0,"10":33},"f":{"0":33},"b":{"0":[33],"1":[0,0,0,0,0,0,0,0,0,0,0,33]},"_coverageSchema":"43e27e138ebf9cfc5966b082cf9a028302ed4184","hash":"99bdcf2c648615782023cd28d18a4978bf49a323"}
,"C:\\Sahil\\NC_State\\Fall_21\\SE\\pull 4-12-shamko\\FE\\CSC510_Group25_Project1\\src\\reducers\\index.js": {"path":"C:\\Sahil\\NC_State\\Fall_21\\SE\\pull 4-12-shamko\\FE\\CSC510_Group25_Project1\\src\\reducers\\index.js","statementMap":{},"fnMap":{},"branchMap":{},"s":{},"f":{},"b":{},"_coverageSchema":"43e27e138ebf9cfc5966b082cf9a028302ed4184","hash":"62cfe098439ff62f3b372e9b40cae9feb9cb9994"}
,"C:\\Sahil\\NC_State\\Fall_21\\SE\\pull 4-12-shamko\\FE\\CSC510_Group25_Project1\\src\\reducers\\job.js": {"path":"C:\\Sahil\\NC_State\\Fall_21\\SE\\pull 4-12-shamko\\FE\\CSC510_Group25_Project1\\src\\reducers\\job.js","statementMap":{"0":{"start":{"line":7,"column":2},"end":{"line":33,"column":3}},"1":{"start":{"line":9,"column":6},"end":{"line":9,"column":25}},"2":{"start":{"line":12,"column":6},"end":{"line":12,"column":31}},"3":{"start":{"line":15,"column":6},"end":{"line":15,"column":36}},"4":{"start":{"line":18,"column":27},"end":{"line":27,"column":10}},"5":{"start":{"line":19,"column":12},"end":{"line":24,"column":13}},"6":{"start":{"line":20,"column":16},"end":{"line":23,"column":18}},"7":{"start":{"line":26,"column":12},"end":{"line":26,"column":22}},"8":{"start":{"line":29,"column":8},"end":{"line":29,"column":26}},"9":{"start":{"line":32,"column":6},"end":{"line":32,"column":19}}},"fnMap":{"0":{"name":"jobs","decl":{"start":{"line":4,"column":24},"end":{"line":4,"column":28}},"loc":{"start":{"line":4,"column":49},"end":{"line":34,"column":1}},"line":4},"1":{"name":"(anonymous_1)","decl":{"start":{"line":18,"column":37},"end":{"line":18,"column":38}},"loc":{"start":{"line":18,"column":46},"end":{"line":27,"column":9}},"line":18}},"branchMap":{"0":{"loc":{"start":{"line":4,"column":29},"end":{"line":4,"column":39}},"type":"default-arg","locations":[{"start":{"line":4,"column":37},"end":{"line":4,"column":39}}],"line":4},"1":{"loc":{"start":{"line":7,"column":2},"end":{"line":33,"column":3}},"type":"switch","locations":[{"start":{"line":8,"column":4},"end":{"line":9,"column":25}},{"start":{"line":11,"column":4},"end":{"line":12,"column":31}},{"start":{"line":14,"column":4},"end":{"line":15,"column":36}},{"start":{"line":17,"column":6},"end":{"line":29,"column":26}},{"start":{"line":31,"column":4},"end":{"line":32,"column":19}}],"line":7},"2":{"loc":{"start":{"line":19,"column":12},"end":{"line":24,"column":13}},"type":"if","locations":[{"start":{"line":19,"column":12},"end":{"line":24,"column":13}},{"start":{"line":19,"column":12},"end":{"line":24,"column":13}}],"line":19}},"s":{"0":33,"1":0,"2":0,"3":0,"4":0,"5":0,"6":0,"7":0,"8":0,"9":33},"f":{"0":33,"1":0},"b":{"0":[33],"1":[0,0,0,0,33],"2":[0,0]},"_coverageSchema":"43e27e138ebf9cfc5966b082cf9a028302ed4184","hash":"a2844903137813da059d42623aac41e86386de59"}
,"C:\\Sahil\\NC_State\\Fall_21\\SE\\pull 4-12-shamko\\FE\\CSC510_Group25_Project1\\src\\reducers\\menu.js": {"path":"C:\\Sahil\\NC_State\\Fall_21\\SE\\pull 4-12-shamko\\FE\\CSC510_Group25_Project1\\src\\reducers\\menu.js","statementMap":{"0":{"start":{"line":7,"column":2},"end":{"line":21,"column":3}},"1":{"start":{"line":9,"column":6},"end":{"line":9,"column":25}},"2":{"start":{"line":12,"column":6},"end":{"line":12,"column":31}},"3":{"start":{"line":15,"column":6},"end":{"line":15,"column":37}},"4":{"start":{"line":20,"column":6},"end":{"line":20,"column":19}}},"fnMap":{"0":{"name":"menus","decl":{"start":{"line":4,"column":24},"end":{"line":4,"column":29}},"loc":{"start":{"line":4,"column":50},"end":{"line":22,"column":1}},"line":4}},"branchMap":{"0":{"loc":{"start":{"line":4,"column":30},"end":{"line":4,"column":40}},"type":"default-arg","locations":[{"start":{"line":4,"column":38},"end":{"line":4,"column":40}}],"line":4},"1":{"loc":{"start":{"line":7,"column":2},"end":{"line":21,"column":3}},"type":"switch","locations":[{"start":{"line":8,"column":4},"end":{"line":9,"column":25}},{"start":{"line":11,"column":4},"end":{"line":12,"column":31}},{"start":{"line":14,"column":4},"end":{"line":15,"column":37}},{"start":{"line":19,"column":4},"end":{"line":20,"column":19}}],"line":7}},"s":{"0":33,"1":0,"2":0,"3":0,"4":33},"f":{"0":33},"b":{"0":[33],"1":[0,0,0,33]},"_coverageSchema":"43e27e138ebf9cfc5966b082cf9a028302ed4184","hash":"5d31cb7da2a3e3d6b45bf0596f0562d2337447ea"}
,"C:\\Sahil\\NC_State\\Fall_21\\SE\\pull 4-12-shamko\\FE\\CSC510_Group25_Project1\\src\\reducers\\search.js": {"path":"C:\\Sahil\\NC_State\\Fall_21\\SE\\pull 4-12-shamko\\FE\\CSC510_Group25_Project1\\src\\reducers\\search.js","statementMap":{"0":{"start":{"line":3,"column":27},"end":{"line":5,"column":1}},"1":{"start":{"line":9,"column":4},"end":{"line":24,"column":5}},"2":{"start":{"line":12,"column":12},"end":{"line":15,"column":13}},"3":{"start":{"line":18,"column":12},"end":{"line":21,"column":17}},"4":{"start":{"line":23,"column":12},"end":{"line":23,"column":24}}},"fnMap":{"0":{"name":"search","decl":{"start":{"line":7,"column":24},"end":{"line":7,"column":30}},"loc":{"start":{"line":7,"column":65},"end":{"line":25,"column":1}},"line":7}},"branchMap":{"0":{"loc":{"start":{"line":7,"column":31},"end":{"line":7,"column":56}},"type":"default-arg","locations":[{"start":{"line":7,"column":38},"end":{"line":7,"column":56}}],"line":7},"1":{"loc":{"start":{"line":9,"column":4},"end":{"line":24,"column":5}},"type":"switch","locations":[{"start":{"line":11,"column":8},"end":{"line":15,"column":13}},{"start":{"line":17,"column":8},"end":{"line":21,"column":17}},{"start":{"line":22,"column":8},"end":{"line":23,"column":24}}],"line":9}},"s":{"0":11,"1":33,"2":0,"3":0,"4":33},"f":{"0":33},"b":{"0":[33],"1":[0,0,33]},"_coverageSchema":"43e27e138ebf9cfc5966b082cf9a028302ed4184","hash":"e50d45c4679219bbb553a837055c25dc25726069"}
,"C:\\Sahil\\NC_State\\Fall_21\\SE\\pull 4-12-shamko\\FE\\CSC510_Group25_Project1\\src\\store\\index.js": {"path":"C:\\Sahil\\NC_State\\Fall_21\\SE\\pull 4-12-shamko\\FE\\CSC510_Group25_Project1\\src\\store\\index.js","statementMap":{"0":{"start":{"line":9,"column":4},"end":{"line":9,"column":65}},"1":{"start":{"line":11,"column":4},"end":{"line":11,"column":17}}},"fnMap":{"0":{"name":"configureStore","decl":{"start":{"line":8,"column":16},"end":{"line":8,"column":30}},"loc":{"start":{"line":8,"column":34},"end":{"line":13,"column":1}},"line":8}},"branchMap":{},"s":{"0":11,"1":11},"f":{"0":11},"b":{},"_coverageSchema":"43e27e138ebf9cfc5966b082cf9a028302ed4184","hash":"5690da95e400191a53d294d3c0c3881f97f7e6d2"}
}
