TN:
SF:C:\Sahil\NC_State\Fall_21\SE\pull 4-12-shamko\FE\CSC510_Group25_Project1\src\index.js
FNF:0
FNH:0
DA:8,0
DA:10,0
LF:2
LH:0
BRF:0
BRH:0
end_of_record
TN:
SF:C:\Sahil\NC_State\Fall_21\SE\pull 4-12-shamko\FE\CSC510_Group25_Project1\src\actions\actionTypes.js
FNF:0
FNH:0
DA:4,11
DA:5,11
DA:6,11
DA:9,11
DA:10,11
DA:11,11
DA:15,11
DA:16,11
DA:18,11
DA:20,11
DA:21,11
DA:22,11
DA:24,11
DA:25,11
DA:26,11
DA:28,11
DA:29,11
DA:30,11
DA:31,11
DA:35,11
DA:36,11
DA:38,11
DA:40,11
DA:41,11
DA:43,11
DA:45,11
DA:46,11
DA:49,11
DA:51,11
LF:29
LH:29
BRF:0
BRH:0
end_of_record
TN:
SF:C:\Sahil\NC_State\Fall_21\SE\pull 4-12-shamko\FE\CSC510_Group25_Project1\src\actions\auth.js
FN:20,startLogin
FN:26,loginFailed
FN:33,loginSuccess
FN:40,login
FN:41,(anonymous_4)
FN:52,(anonymous_5)
FN:53,(anonymous_6)
FN:68,signup
FN:69,(anonymous_8)
FN:84,(anonymous_9)
FN:85,(anonymous_10)
FN:98,startSingup
FN:104,signupFailed
FN:111,signupSuccessful
FN:117,authenticateUser
FN:124,logoutUser
FN:130,clearAuthState
FN:136,editUserSucessfull
FN:143,editUserFailed
FN:151,editUser
FN:158,(anonymous_20)
FN:175,(anonymous_21)
FN:176,(anonymous_22)
FN:194,editItem
FN:200,(anonymous_24)
FN:215,(anonymous_25)
FN:216,(anonymous_26)
FN:233,editItemSucessfull
FNF:28
FNH:0
FNDA:0,startLogin
FNDA:0,loginFailed
FNDA:0,loginSuccess
FNDA:0,login
FNDA:0,(anonymous_4)
FNDA:0,(anonymous_5)
FNDA:0,(anonymous_6)
FNDA:0,signup
FNDA:0,(anonymous_8)
FNDA:0,(anonymous_9)
FNDA:0,(anonymous_10)
FNDA:0,startSingup
FNDA:0,signupFailed
FNDA:0,signupSuccessful
FNDA:0,authenticateUser
FNDA:0,logoutUser
FNDA:0,clearAuthState
FNDA:0,editUserSucessfull
FNDA:0,editUserFailed
FNDA:0,editUser
FNDA:0,(anonymous_20)
FNDA:0,(anonymous_21)
FNDA:0,(anonymous_22)
FNDA:0,editItem
FNDA:0,(anonymous_24)
FNDA:0,(anonymous_25)
FNDA:0,(anonymous_26)
FNDA:0,editItemSucessfull
DA:21,0
DA:27,0
DA:34,0
DA:41,0
DA:42,0
DA:43,0
DA:45,0
DA:52,0
DA:54,0
DA:56,0
DA:58,0
DA:59,0
DA:61,0
DA:63,0
DA:69,0
DA:70,0
DA:71,0
DA:84,0
DA:87,0
DA:89,0
DA:90,0
DA:91,0
DA:93,0
DA:99,0
DA:105,0
DA:112,0
DA:118,0
DA:125,0
DA:131,0
DA:137,0
DA:144,0
DA:158,0
DA:159,0
DA:161,0
DA:175,0
DA:177,0
DA:178,0
DA:179,0
DA:181,0
DA:182,0
DA:184,0
DA:187,0
DA:200,0
DA:201,0
DA:203,0
DA:215,0
DA:217,0
DA:218,0
DA:219,0
DA:221,0
DA:222,0
DA:224,0
DA:234,0
LF:53
LH:0
BRDA:56,0,0,0
BRDA:56,0,1,0
BRDA:87,1,0,0
BRDA:87,1,1,0
BRDA:178,2,0,0
BRDA:178,2,1,0
BRDA:181,3,0,0
BRDA:181,3,1,0
BRDA:218,4,0,0
BRDA:218,4,1,0
BRDA:221,5,0,0
BRDA:221,5,1,0
BRF:12
BRH:0
end_of_record
TN:
SF:C:\Sahil\NC_State\Fall_21\SE\pull 4-12-shamko\FE\CSC510_Group25_Project1\src\actions\job.js
FN:14,createJob
FN:17,(anonymous_1)
FN:34,(anonymous_2)
FN:35,(anonymous_3)
FN:49,createMenu
FN:52,(anonymous_5)
FN:68,(anonymous_6)
FN:69,(anonymous_7)
FN:85,jobSuccess
FN:92,menuSuccess
FN:99,fetchJobs
FN:100,(anonymous_11)
FN:105,(anonymous_12)
FN:109,(anonymous_13)
FN:115,fetchMenus
FN:116,(anonymous_15)
FN:121,(anonymous_16)
FN:125,(anonymous_17)
FN:134,updateJobs
FN:141,updateMenu
FNF:20
FNH:4
FNDA:0,createJob
FNDA:0,(anonymous_1)
FNDA:0,(anonymous_2)
FNDA:0,(anonymous_3)
FNDA:0,createMenu
FNDA:0,(anonymous_5)
FNDA:0,(anonymous_6)
FNDA:0,(anonymous_7)
FNDA:0,jobSuccess
FNDA:0,menuSuccess
FNDA:2,fetchJobs
FNDA:2,(anonymous_11)
FNDA:0,(anonymous_12)
FNDA:0,(anonymous_13)
FNDA:1,fetchMenus
FNDA:1,(anonymous_15)
FNDA:0,(anonymous_16)
FNDA:0,(anonymous_17)
FNDA:0,updateJobs
FNDA:0,updateMenu
DA:17,0
DA:18,0
DA:19,0
DA:34,0
DA:37,0
DA:39,0
DA:40,0
DA:41,0
DA:52,0
DA:53,0
DA:54,0
DA:68,0
DA:71,0
DA:73,0
DA:74,0
DA:75,0
DA:86,0
DA:93,0
DA:100,2
DA:102,2
DA:104,2
DA:106,0
DA:107,0
DA:110,0
DA:111,0
DA:116,1
DA:118,1
DA:120,1
DA:122,0
DA:123,0
DA:126,0
DA:127,0
DA:135,0
DA:142,0
LF:34
LH:6
BRDA:37,0,0,0
BRDA:37,0,1,0
BRDA:71,1,0,0
BRDA:71,1,1,0
BRF:4
BRH:0
end_of_record
TN:
SF:C:\Sahil\NC_State\Fall_21\SE\pull 4-12-shamko\FE\CSC510_Group25_Project1\src\actions\search.js
FN:7,searchUsers
FN:8,(anonymous_1)
FN:22,(anonymous_2)
FN:23,(anonymous_3)
FN:34,searchResultsSuccess
FN:41,searchResultsSuccess2
FN:48,clearsearchstate
FNF:7
FNH:0
FNDA:0,searchUsers
FNDA:0,(anonymous_1)
FNDA:0,(anonymous_2)
FNDA:0,(anonymous_3)
FNDA:0,searchResultsSuccess
FNDA:0,searchResultsSuccess2
FNDA:0,clearsearchstate
DA:8,0
DA:9,0
DA:10,0
DA:11,0
DA:13,0
DA:14,0
DA:16,0
DA:22,0
DA:24,0
DA:26,0
DA:27,0
DA:35,0
DA:42,0
DA:49,0
LF:14
LH:0
BRDA:13,0,0,0
BRDA:13,0,1,0
BRDA:26,1,0,0
BRDA:26,1,1,0
BRF:4
BRH:0
end_of_record
TN:
SF:C:\Sahil\NC_State\Fall_21\SE\pull 4-12-shamko\FE\CSC510_Group25_Project1\src\components\App.js
FN:18,(anonymous_0)
FN:24,(anonymous_1)
FN:46,(anonymous_2)
FN:75,(anonymous_3)
FN:88,(anonymous_4)
FN:151,mapStateToProps
FNF:6
FNH:4
FNDA:0,(anonymous_0)
FNDA:0,(anonymous_1)
FNDA:1,(anonymous_2)
FNDA:1,(anonymous_3)
FNDA:1,(anonymous_4)
FNDA:1,mapStateToProps
DA:18,1
DA:19,0
DA:21,0
DA:25,0
DA:51,1
DA:53,1
DA:56,1
DA:58,1
DA:59,0
DA:61,0
DA:63,0
DA:76,1
DA:77,1
DA:78,1
DA:79,1
DA:80,1
DA:89,1
DA:153,1
LF:18
LH:12
BRDA:25,0,0,0
BRDA:25,0,1,0
BRDA:58,1,0,0
BRDA:58,1,1,1
BRF:4
BRH:1
end_of_record
TN:
SF:C:\Sahil\NC_State\Fall_21\SE\pull 4-12-shamko\FE\CSC510_Group25_Project1\src\components\Application.js
FNF:0
FNH:0
LF:0
LH:0
BRF:0
BRH:0
end_of_record
TN:
SF:C:\Sahil\NC_State\Fall_21\SE\pull 4-12-shamko\FE\CSC510_Group25_Project1\src\components\Goal.js
FN:16,(anonymous_0)
FN:32,(anonymous_1)
FN:51,(anonymous_2)
FN:57,(anonymous_3)
FN:68,(anonymous_4)
FN:87,(anonymous_5)
FN:94,(anonymous_6)
FN:115,(anonymous_7)
FN:124,(anonymous_8)
FN:133,(anonymous_9)
FN:141,(anonymous_10)
FN:150,(anonymous_11)
FN:177,(anonymous_12)
FN:186,(anonymous_13)
FN:212,mapStateToProps
FNF:15
FNH:4
FNDA:1,(anonymous_0)
FNDA:0,(anonymous_1)
FNDA:0,(anonymous_2)
FNDA:0,(anonymous_3)
FNDA:0,(anonymous_4)
FNDA:1,(anonymous_5)
FNDA:1,(anonymous_6)
FNDA:0,(anonymous_7)
FNDA:0,(anonymous_8)
FNDA:0,(anonymous_9)
FNDA:0,(anonymous_10)
FNDA:0,(anonymous_11)
FNDA:0,(anonymous_12)
FNDA:0,(anonymous_13)
FNDA:1,mapStateToProps
DA:17,1
DA:19,1
DA:32,1
DA:34,0
DA:36,0
DA:39,0
DA:41,0
DA:51,1
DA:52,0
DA:53,0
DA:57,1
DA:59,0
DA:68,1
DA:70,0
DA:72,0
DA:74,0
DA:79,0
DA:81,0
DA:88,1
DA:96,1
DA:97,1
DA:98,1
DA:101,1
DA:115,0
DA:124,0
DA:133,0
DA:141,0
DA:150,0
DA:177,0
DA:186,0
DA:213,1
LF:31
LH:12
BRDA:106,0,0,1
BRDA:106,0,1,0
BRDA:167,1,0,1
BRDA:167,1,1,0
BRF:4
BRH:2
end_of_record
TN:
SF:C:\Sahil\NC_State\Fall_21\SE\pull 4-12-shamko\FE\CSC510_Group25_Project1\src\components\History.js
FN:12,(anonymous_0)
FN:21,(anonymous_1)
FN:32,(anonymous_2)
FN:39,(anonymous_3)
FN:40,(anonymous_4)
FN:41,(anonymous_5)
FN:97,mapStateToProps
FNF:7
FNH:4
FNDA:1,(anonymous_0)
FNDA:1,(anonymous_1)
FNDA:1,(anonymous_2)
FNDA:0,(anonymous_3)
FNDA:0,(anonymous_4)
FNDA:0,(anonymous_5)
FNDA:1,mapStateToProps
DA:13,1
DA:15,1
DA:23,1
DA:24,1
DA:33,1
DA:34,1
DA:35,1
DA:36,1
DA:37,1
DA:38,1
DA:39,1
DA:40,1
DA:41,1
DA:42,1
DA:98,1
LF:15
LH:15
BRDA:39,0,0,0
BRDA:39,0,1,0
BRDA:40,1,0,0
BRDA:40,1,1,0
BRDA:41,2,0,0
BRDA:41,2,1,0
BRF:6
BRH:0
end_of_record
TN:
SF:C:\Sahil\NC_State\Fall_21\SE\pull 4-12-shamko\FE\CSC510_Group25_Project1\src\components\Home.js
FN:11,(anonymous_0)
FN:61,mapStateToProps
FNF:2
FNH:2
FNDA:2,(anonymous_0)
FNDA:2,mapStateToProps
DA:12,2
DA:13,2
DA:15,2
DA:16,2
DA:17,2
DA:62,2
LF:6
LH:6
BRF:0
BRH:0
end_of_record
TN:
SF:C:\Sahil\NC_State\Fall_21\SE\pull 4-12-shamko\FE\CSC510_Group25_Project1\src\components\Job.js
FN:11,(anonymous_0)
FN:62,mapStateToProps
FNF:2
FNH:2
FNDA:2,(anonymous_0)
FNDA:2,mapStateToProps
DA:12,2
DA:13,2
DA:14,2
DA:16,2
DA:63,2
LF:5
LH:5
BRDA:19,0,0,2
BRDA:19,0,1,0
BRF:2
BRH:1
end_of_record
TN:
SF:C:\Sahil\NC_State\Fall_21\SE\pull 4-12-shamko\FE\CSC510_Group25_Project1\src\components\Job1.js
FN:14,(anonymous_0)
FN:59,mapStateToProps
FNF:2
FNH:0
FNDA:0,(anonymous_0)
FNDA:0,mapStateToProps
DA:15,0
DA:16,0
DA:17,0
DA:18,0
DA:19,0
DA:20,0
DA:60,0
LF:7
LH:0
BRDA:23,0,0,0
BRDA:23,0,1,0
BRF:2
BRH:0
end_of_record
TN:
SF:C:\Sahil\NC_State\Fall_21\SE\pull 4-12-shamko\FE\CSC510_Group25_Project1\src\components\Login.js
FN:11,(anonymous_0)
FN:23,(anonymous_1)
FN:28,(anonymous_2)
FN:34,(anonymous_3)
FN:40,(anonymous_4)
FN:53,(anonymous_5)
FN:61,(anonymous_6)
FN:119,mapStateToProps
FNF:8
FNH:3
FNDA:1,(anonymous_0)
FNDA:0,(anonymous_1)
FNDA:0,(anonymous_2)
FNDA:0,(anonymous_3)
FNDA:0,(anonymous_4)
FNDA:0,(anonymous_5)
FNDA:1,(anonymous_6)
FNDA:1,mapStateToProps
DA:12,1
DA:16,1
DA:24,0
DA:28,1
DA:29,0
DA:34,1
DA:35,0
DA:40,1
DA:41,0
DA:44,0
DA:45,0
DA:47,0
DA:48,0
DA:53,1
DA:54,0
DA:55,0
DA:56,0
DA:63,1
DA:64,1
DA:66,1
DA:67,0
DA:70,1
DA:120,1
LF:23
LH:11
BRDA:47,0,0,0
BRDA:47,0,1,0
BRDA:47,1,0,0
BRDA:47,1,1,0
BRDA:64,2,0,1
BRDA:64,2,1,0
BRDA:66,3,0,0
BRDA:66,3,1,1
BRDA:74,4,0,1
BRDA:74,4,1,0
BRDA:96,5,0,0
BRDA:96,5,1,1
BRF:12
BRH:4
end_of_record
TN:
SF:C:\Sahil\NC_State\Fall_21\SE\pull 4-12-shamko\FE\CSC510_Group25_Project1\src\components\Menu.js
FN:17,(anonymous_0)
FN:32,(anonymous_1)
FN:39,(anonymous_2)
FN:57,(anonymous_3)
FN:63,(anonymous_4)
FN:74,(anonymous_5)
FN:92,(anonymous_6)
FN:99,(anonymous_7)
FN:121,(anonymous_8)
FN:130,(anonymous_9)
FN:139,(anonymous_10)
FN:156,(anonymous_11)
FN:170,mapStateToProps
FNF:13
FNH:0
FNDA:0,(anonymous_0)
FNDA:0,(anonymous_1)
FNDA:0,(anonymous_2)
FNDA:0,(anonymous_3)
FNDA:0,(anonymous_4)
FNDA:0,(anonymous_5)
FNDA:0,(anonymous_6)
FNDA:0,(anonymous_7)
FNDA:0,(anonymous_8)
FNDA:0,(anonymous_9)
FNDA:0,(anonymous_10)
FNDA:0,(anonymous_11)
FNDA:0,mapStateToProps
DA:18,0
DA:20,0
DA:32,0
DA:33,0
DA:34,0
DA:36,0
DA:39,0
DA:41,0
DA:43,0
DA:44,0
DA:45,0
DA:48,0
DA:57,0
DA:58,0
DA:59,0
DA:63,0
DA:65,0
DA:74,0
DA:76,0
DA:78,0
DA:80,0
DA:85,0
DA:93,0
DA:101,0
DA:103,0
DA:106,0
DA:121,0
DA:130,0
DA:139,0
DA:157,0
DA:171,0
LF:31
LH:0
BRDA:111,0,0,0
BRDA:111,0,1,0
BRF:2
BRH:0
end_of_record
TN:
SF:C:\Sahil\NC_State\Fall_21\SE\pull 4-12-shamko\FE\CSC510_Group25_Project1\src\components\Navbar.js
FN:18,(anonymous_0)
FN:23,(anonymous_1)
FN:29,(anonymous_2)
FN:165,mapStateToProps
FNF:4
FNH:2
FNDA:0,(anonymous_0)
FNDA:0,(anonymous_1)
FNDA:1,(anonymous_2)
FNDA:1,mapStateToProps
DA:18,1
DA:19,0
DA:20,0
DA:23,1
DA:24,0
DA:26,0
DA:30,1
DA:31,1
DA:33,1
DA:166,1
LF:10
LH:6
BRDA:50,0,0,1
BRDA:50,0,1,0
BRDA:89,1,0,1
BRDA:89,1,1,0
BRDA:114,2,0,1
BRDA:114,2,1,1
BRDA:129,3,0,1
BRDA:129,3,1,0
BRDA:141,4,0,1
BRDA:141,4,1,1
BRF:10
BRH:7
end_of_record
TN:
SF:C:\Sahil\NC_State\Fall_21\SE\pull 4-12-shamko\FE\CSC510_Group25_Project1\src\components\Notification.js
FN:41,(anonymous_0)
FN:57,(anonymous_1)
FN:67,(anonymous_2)
FN:73,(anonymous_3)
FN:82,(anonymous_4)
FN:101,(anonymous_5)
FN:108,(anonymous_6)
FN:130,(anonymous_7)
FN:159,(anonymous_8)
FN:203,mapStateToProps
FNF:10
FNH:0
FNDA:0,(anonymous_0)
FNDA:0,(anonymous_1)
FNDA:0,(anonymous_2)
FNDA:0,(anonymous_3)
FNDA:0,(anonymous_4)
FNDA:0,(anonymous_5)
FNDA:0,(anonymous_6)
FNDA:0,(anonymous_7)
FNDA:0,(anonymous_8)
FNDA:0,mapStateToProps
DA:18,1
DA:42,0
DA:44,0
DA:57,0
DA:58,0
DA:59,0
DA:61,0
DA:67,0
DA:68,0
DA:69,0
DA:73,0
DA:75,0
DA:82,0
DA:84,0
DA:86,0
DA:87,0
DA:88,0
DA:91,0
DA:93,0
DA:102,0
DA:110,0
DA:111,0
DA:112,0
DA:114,0
DA:115,0
DA:117,0
DA:132,0
DA:133,0
DA:134,0
DA:135,0
DA:137,0
DA:160,0
DA:161,0
DA:162,0
DA:204,0
LF:35
LH:1
BRDA:127,0,0,0
BRDA:127,0,1,0
BRDA:135,1,0,0
BRDA:135,1,1,0
BRDA:135,2,0,0
BRDA:135,2,1,0
BRDA:135,2,2,0
BRDA:150,3,0,0
BRDA:150,3,1,0
BRDA:160,4,0,0
BRDA:160,4,1,0
BRDA:161,5,0,0
BRDA:161,5,1,0
BRDA:168,6,0,0
BRDA:168,6,1,0
BRF:15
BRH:0
end_of_record
TN:
SF:C:\Sahil\NC_State\Fall_21\SE\pull 4-12-shamko\FE\CSC510_Group25_Project1\src\components\Page404.js
FN:3,Page404
FNF:1
FNH:1
FNDA:1,Page404
DA:4,1
LF:1
LH:1
BRF:0
BRH:0
end_of_record
TN:
SF:C:\Sahil\NC_State\Fall_21\SE\pull 4-12-shamko\FE\CSC510_Group25_Project1\src\components\Settings.js
FN:8,(anonymous_0)
FN:20,(anonymous_1)
FN:28,(anonymous_2)
FN:38,(anonymous_3)
FN:41,(anonymous_4)
FN:72,(anonymous_5)
FN:85,(anonymous_6)
FN:96,(anonymous_7)
FN:106,(anonymous_8)
FN:109,(anonymous_9)
FN:118,mapStateToProps
FNF:11
FNH:3
FNDA:1,(anonymous_0)
FNDA:0,(anonymous_1)
FNDA:0,(anonymous_2)
FNDA:0,(anonymous_3)
FNDA:1,(anonymous_4)
FNDA:0,(anonymous_5)
FNDA:0,(anonymous_6)
FNDA:0,(anonymous_7)
FNDA:0,(anonymous_8)
FNDA:0,(anonymous_9)
FNDA:1,mapStateToProps
DA:9,1
DA:11,1
DA:20,1
DA:22,0
DA:28,1
DA:30,0
DA:32,0
DA:34,0
DA:39,0
DA:42,1
DA:43,1
DA:45,1
DA:72,0
DA:85,0
DA:96,0
DA:106,0
DA:109,0
DA:119,1
LF:18
LH:8
BRDA:54,0,0,1
BRDA:54,0,1,0
BRDA:55,1,0,1
BRDA:55,1,1,0
BRDA:69,2,0,0
BRDA:69,2,1,1
BRDA:80,3,0,1
BRDA:80,3,1,0
BRDA:91,4,0,1
BRDA:91,4,1,0
BRDA:105,5,0,0
BRDA:105,5,1,1
BRDA:109,6,0,1
BRDA:109,6,1,0
BRF:14
BRH:7
end_of_record
TN:
SF:C:\Sahil\NC_State\Fall_21\SE\pull 4-12-shamko\FE\CSC510_Group25_Project1\src\components\Signup.js
FN:9,(anonymous_0)
FN:20,(anonymous_1)
FN:26,(anonymous_2)
FN:32,(anonymous_3)
FN:42,(anonymous_4)
FN:51,(anonymous_5)
FN:68,(anonymous_6)
FN:76,(anonymous_7)
FN:84,(anonymous_8)
FN:92,(anonymous_9)
FN:102,(anonymous_10)
FN:130,(anonymous_11)
FNF:12
FNH:3
FNDA:1,(anonymous_0)
FNDA:0,(anonymous_1)
FNDA:0,(anonymous_2)
FNDA:0,(anonymous_3)
FNDA:0,(anonymous_4)
FNDA:1,(anonymous_5)
FNDA:0,(anonymous_6)
FNDA:0,(anonymous_7)
FNDA:0,(anonymous_8)
FNDA:0,(anonymous_9)
FNDA:0,(anonymous_10)
FNDA:1,(anonymous_11)
DA:10,1
DA:11,1
DA:21,0
DA:26,1
DA:27,0
DA:32,1
DA:33,0
DA:34,0
DA:36,0
DA:37,0
DA:38,0
DA:42,1
DA:43,0
DA:44,0
DA:46,0
DA:53,1
DA:55,1
DA:56,0
DA:58,1
DA:68,0
DA:76,0
DA:84,0
DA:93,0
DA:102,0
DA:130,2
LF:25
LH:9
BRDA:36,0,0,0
BRDA:36,0,1,0
BRDA:36,1,0,0
BRDA:36,1,1,0
BRDA:36,1,2,0
BRDA:36,1,3,0
BRDA:36,1,4,0
BRDA:55,2,0,0
BRDA:55,2,1,1
BRDA:62,3,0,1
BRDA:62,3,1,0
BRF:11
BRH:2
end_of_record
TN:
SF:C:\Sahil\NC_State\Fall_21\SE\pull 4-12-shamko\FE\CSC510_Group25_Project1\src\components\Update.js
FN:15,(anonymous_0)
FN:31,(anonymous_1)
FN:41,(anonymous_2)
FN:47,(anonymous_3)
FN:56,(anonymous_4)
FN:79,(anonymous_5)
FN:86,(anonymous_6)
FN:98,(anonymous_7)
FN:113,mapStateToProps
FNF:9
FNH:0
FNDA:0,(anonymous_0)
FNDA:0,(anonymous_1)
FNDA:0,(anonymous_2)
FNDA:0,(anonymous_3)
FNDA:0,(anonymous_4)
FNDA:0,(anonymous_5)
FNDA:0,(anonymous_6)
FNDA:0,(anonymous_7)
FNDA:0,mapStateToProps
DA:16,0
DA:18,0
DA:31,0
DA:32,0
DA:33,0
DA:35,0
DA:41,0
DA:42,0
DA:43,0
DA:47,0
DA:49,0
DA:56,0
DA:58,0
DA:60,0
DA:61,0
DA:62,0
DA:69,0
DA:71,0
DA:80,0
DA:88,0
DA:89,0
DA:90,0
DA:93,0
DA:99,0
DA:114,0
LF:25
LH:0
BRF:0
BRH:0
end_of_record
TN:
SF:C:\Sahil\NC_State\Fall_21\SE\pull 4-12-shamko\FE\CSC510_Group25_Project1\src\components\UserApplication.js
FNF:0
FNH:0
LF:0
LH:0
BRF:0
BRH:0
end_of_record
TN:
SF:C:\Sahil\NC_State\Fall_21\SE\pull 4-12-shamko\FE\CSC510_Group25_Project1\src\components\Widgets.js
FNF:0
FNH:0
LF:0
LH:0
BRF:0
BRH:0
end_of_record
TN:
SF:C:\Sahil\NC_State\Fall_21\SE\pull 4-12-shamko\FE\CSC510_Group25_Project1\src\components\index.js
FNF:0
FNH:0
LF:0
LH:0
BRF:0
BRH:0
end_of_record
TN:
SF:C:\Sahil\NC_State\Fall_21\SE\pull 4-12-shamko\FE\CSC510_Group25_Project1\src\helpers\urls.js
FN:8,(anonymous_0)
FN:9,(anonymous_1)
FN:10,(anonymous_2)
FN:11,(anonymous_3)
FN:12,(anonymous_4)
FN:14,(anonymous_5)
FN:15,(anonymous_6)
FN:17,(anonymous_7)
FNF:8
FNH:2
FNDA:0,(anonymous_0)
FNDA:0,(anonymous_1)
FNDA:2,(anonymous_2)
FNDA:0,(anonymous_3)
FNDA:0,(anonymous_4)
FNDA:0,(anonymous_5)
FNDA:0,(anonymous_6)
FNDA:1,(anonymous_7)
DA:3,7
DA:6,7
DA:8,0
DA:9,0
DA:10,2
DA:11,0
DA:12,0
DA:14,0
DA:15,0
DA:17,1
LF:10
LH:4
BRF:0
BRH:0
end_of_record
TN:
SF:C:\Sahil\NC_State\Fall_21\SE\pull 4-12-shamko\FE\CSC510_Group25_Project1\src\helpers\utils.js
FN:1,getFormBody
FN:17,getAuthTokenFromLocalStorage
FNF:2
FNH:1
FNDA:0,getFormBody
FNDA:1,getAuthTokenFromLocalStorage
DA:3,0
DA:5,0
DA:6,0
DA:7,0
DA:9,0
DA:13,0
DA:18,1
LF:7
LH:1
BRF:0
BRH:0
end_of_record
TN:
SF:C:\Sahil\NC_State\Fall_21\SE\pull 4-12-shamko\FE\CSC510_Group25_Project1\src\reducers\application.js
FN:3,application
FN:14,(anonymous_1)
FN:28,(anonymous_2)
FNF:3
FNH:1
FNDA:33,application
FNDA:0,(anonymous_1)
FNDA:0,(anonymous_2)
DA:6,33
DA:8,0
DA:11,0
DA:14,0
DA:15,0
DA:16,0
DA:22,0
DA:25,0
DA:28,0
DA:29,0
DA:30,0
DA:36,0
DA:39,0
DA:43,33
LF:14
LH:2
BRDA:3,0,0,33
BRDA:6,1,0,0
BRDA:6,1,1,0
BRDA:6,1,2,0
BRDA:6,1,3,0
BRDA:6,1,4,33
BRDA:15,2,0,0
BRDA:15,2,1,0
BRDA:29,3,0,0
BRDA:29,3,1,0
BRF:10
BRH:2
end_of_record
TN:
SF:C:\Sahil\NC_State\Fall_21\SE\pull 4-12-shamko\FE\CSC510_Group25_Project1\src\reducers\auth.js
FN:11,auth
FNF:1
FNH:1
FNDA:33,auth
DA:4,11
DA:13,33
DA:15,0
DA:22,0
DA:29,0
DA:39,0
DA:46,0
DA:52,0
DA:59,0
DA:66,0
DA:72,33
LF:11
LH:3
BRDA:11,0,0,33
BRDA:13,1,0,0
BRDA:13,1,1,0
BRDA:13,1,2,0
BRDA:13,1,3,0
BRDA:13,1,4,0
BRDA:13,1,5,0
BRDA:13,1,6,0
BRDA:13,1,7,0
BRDA:13,1,8,0
BRDA:13,1,9,0
BRDA:13,1,10,0
BRDA:13,1,11,33
BRF:13
BRH:2
end_of_record
TN:
SF:C:\Sahil\NC_State\Fall_21\SE\pull 4-12-shamko\FE\CSC510_Group25_Project1\src\reducers\index.js
FNF:0
FNH:0
LF:0
LH:0
BRF:0
BRH:0
end_of_record
TN:
SF:C:\Sahil\NC_State\Fall_21\SE\pull 4-12-shamko\FE\CSC510_Group25_Project1\src\reducers\job.js
FN:4,jobs
FN:18,(anonymous_1)
FNF:2
FNH:1
FNDA:33,jobs
FNDA:0,(anonymous_1)
DA:7,33
DA:9,0
DA:12,0
DA:15,0
DA:18,0
DA:19,0
DA:20,0
DA:26,0
DA:29,0
DA:32,33
LF:10
LH:2
BRDA:4,0,0,33
BRDA:7,1,0,0
BRDA:7,1,1,0
BRDA:7,1,2,0
BRDA:7,1,3,0
BRDA:7,1,4,33
BRDA:19,2,0,0
BRDA:19,2,1,0
BRF:8
BRH:2
end_of_record
TN:
SF:C:\Sahil\NC_State\Fall_21\SE\pull 4-12-shamko\FE\CSC510_Group25_Project1\src\reducers\menu.js
FN:4,menus
FNF:1
FNH:1
FNDA:33,menus
DA:7,33
DA:9,0
DA:12,0
DA:15,0
DA:20,33
LF:5
LH:2
BRDA:4,0,0,33
BRDA:7,1,0,0
BRDA:7,1,1,0
BRDA:7,1,2,0
BRDA:7,1,3,33
BRF:5
BRH:2
end_of_record
TN:
SF:C:\Sahil\NC_State\Fall_21\SE\pull 4-12-shamko\FE\CSC510_Group25_Project1\src\reducers\search.js
FN:7,search
FNF:1
FNH:1
FNDA:33,search
DA:3,11
DA:9,33
DA:12,0
DA:18,0
DA:23,33
LF:5
LH:3
BRDA:7,0,0,33
BRDA:9,1,0,0
BRDA:9,1,1,0
BRDA:9,1,2,33
BRF:4
BRH:2
end_of_record
TN:
SF:C:\Sahil\NC_State\Fall_21\SE\pull 4-12-shamko\FE\CSC510_Group25_Project1\src\store\index.js
FN:8,configureStore
FNF:1
FNH:1
FNDA:11,configureStore
DA:9,11
DA:11,11
LF:2
LH:2
BRF:0
BRH:0
end_of_record
